{"D:\\Intership\\Project\\frontend\\client\\src\\App.jsx": {"path":"D:\\Intership\\Project\\frontend\\client\\src\\App.jsx","statementMap":{"0":{"start":{"line":18,"column":12},"end":{"line":66,"column":1}},"1":{"start":{"line":19,"column":24},"end":{"line":19,"column":56}},"2":{"start":{"line":19,"column":45},"end":{"line":19,"column":55}},"3":{"start":{"line":20,"column":2},"end":{"line":24,"column":18}},"4":{"start":{"line":21,"column":4},"end":{"line":23,"column":5}},"5":{"start":{"line":22,"column":6},"end":{"line":22,"column":51}},"6":{"start":{"line":26,"column":17},"end":{"line":59,"column":4}},"7":{"start":{"line":61,"column":2},"end":{"line":65,"column":4}}},"fnMap":{"0":{"name":"(anonymous_0)","decl":{"start":{"line":18,"column":12},"end":{"line":18,"column":13}},"loc":{"start":{"line":18,"column":18},"end":{"line":66,"column":1}},"line":18},"1":{"name":"(anonymous_1)","decl":{"start":{"line":19,"column":36},"end":{"line":19,"column":37}},"loc":{"start":{"line":19,"column":45},"end":{"line":19,"column":55}},"line":19},"2":{"name":"(anonymous_2)","decl":{"start":{"line":20,"column":12},"end":{"line":20,"column":13}},"loc":{"start":{"line":20,"column":18},"end":{"line":24,"column":3}},"line":20}},"branchMap":{"0":{"loc":{"start":{"line":21,"column":4},"end":{"line":23,"column":5}},"type":"if","locations":[{"start":{"line":21,"column":4},"end":{"line":23,"column":5}},{"start":{},"end":{}}],"line":21}},"s":{"0":0,"1":0,"2":0,"3":0,"4":0,"5":0,"6":0,"7":0},"f":{"0":0,"1":0,"2":0},"b":{"0":[0,0]}}
,"D:\\Intership\\Project\\frontend\\client\\src\\main.jsx": {"path":"D:\\Intership\\Project\\frontend\\client\\src\\main.jsx","statementMap":{"0":{"start":{"line":7,"column":0},"end":{"line":13,"column":1}}},"fnMap":{},"branchMap":{},"s":{"0":0},"f":{},"b":{}}
,"D:\\Intership\\Project\\frontend\\client\\src\\components\\Logo.jsx": {"path":"D:\\Intership\\Project\\frontend\\client\\src\\components\\Logo.jsx","statementMap":{"0":{"start":{"line":2,"column":13},"end":{"line":8,"column":1}},"1":{"start":{"line":3,"column":2},"end":{"line":7,"column":3}}},"fnMap":{"0":{"name":"(anonymous_0)","decl":{"start":{"line":2,"column":13},"end":{"line":2,"column":14}},"loc":{"start":{"line":2,"column":19},"end":{"line":8,"column":1}},"line":2}},"branchMap":{},"s":{"0":1,"1":1},"f":{"0":1},"b":{},"_coverageSchema":"1a1c01bbd47fc00a2c39e90264f33305004495a9","hash":"3236e69c19a79dc17d49895743dcf14cfde03ce5"}
,"D:\\Intership\\Project\\frontend\\client\\src\\components\\DashBoard\\applications\\AppTable.jsx": {"path":"D:\\Intership\\Project\\frontend\\client\\src\\components\\DashBoard\\applications\\AppTable.jsx","statementMap":{"0":{"start":{"line":4,"column":17},"end":{"line":124,"column":1}},"1":{"start":{"line":5,"column":16},"end":{"line":7,"column":3}},"2":{"start":{"line":8,"column":26},"end":{"line":8,"column":41}},"3":{"start":{"line":9,"column":2},"end":{"line":123,"column":3}},"4":{"start":{"line":48,"column":8},"end":{"line":97,"column":10}},"5":{"start":{"line":92,"column":81},"end":{"line":92,"column":95}}},"fnMap":{"0":{"name":"(anonymous_0)","decl":{"start":{"line":4,"column":17},"end":{"line":4,"column":18}},"loc":{"start":{"line":4,"column":35},"end":{"line":124,"column":1}},"line":4},"1":{"name":"(anonymous_1)","decl":{"start":{"line":47,"column":17},"end":{"line":47,"column":18}},"loc":{"start":{"line":47,"column":27},"end":{"line":98,"column":8}},"line":47},"2":{"name":"(anonymous_2)","decl":{"start":{"line":92,"column":75},"end":{"line":92,"column":76}},"loc":{"start":{"line":92,"column":81},"end":{"line":92,"column":95}},"line":92}},"branchMap":{"0":{"loc":{"start":{"line":12,"column":18},"end":{"line":13,"column":104}},"type":"cond-expr","locations":[{"start":{"line":12,"column":31},"end":{"line":12,"column":128}},{"start":{"line":13,"column":10},"end":{"line":13,"column":104}}],"line":12},"1":{"loc":{"start":{"line":19,"column":23},"end":{"line":19,"column":110}},"type":"cond-expr","locations":[{"start":{"line":19,"column":36},"end":{"line":19,"column":73}},{"start":{"line":19,"column":76},"end":{"line":19,"column":110}}],"line":19},"2":{"loc":{"start":{"line":24,"column":21},"end":{"line":24,"column":282}},"type":"cond-expr","locations":[{"start":{"line":24,"column":34},"end":{"line":24,"column":158}},{"start":{"line":24,"column":161},"end":{"line":24,"column":282}}],"line":24},"3":{"loc":{"start":{"line":26,"column":28},"end":{"line":26,"column":119}},"type":"cond-expr","locations":[{"start":{"line":26,"column":41},"end":{"line":26,"column":80}},{"start":{"line":26,"column":83},"end":{"line":26,"column":119}}],"line":26},"4":{"loc":{"start":{"line":46,"column":9},"end":{"line":100,"column":8}},"type":"cond-expr","locations":[{"start":{"line":47,"column":8},"end":{"line":98,"column":9}},{"start":{"line":99,"column":8},"end":{"line":99,"column":22}}],"line":46},"5":{"loc":{"start":{"line":64,"column":31},"end":{"line":64,"column":113}},"type":"cond-expr","locations":[{"start":{"line":64,"column":44},"end":{"line":64,"column":79}},{"start":{"line":64,"column":81},"end":{"line":64,"column":113}}],"line":64},"6":{"loc":{"start":{"line":69,"column":29},"end":{"line":69,"column":87}},"type":"cond-expr","locations":[{"start":{"line":69,"column":42},"end":{"line":69,"column":65}},{"start":{"line":69,"column":67},"end":{"line":69,"column":87}}],"line":69},"7":{"loc":{"start":{"line":74,"column":11},"end":{"line":76,"column":39}},"type":"cond-expr","locations":[{"start":{"line":75,"column":14},"end":{"line":75,"column":43}},{"start":{"line":76,"column":14},"end":{"line":76,"column":39}}],"line":74},"8":{"loc":{"start":{"line":92,"column":32},"end":{"line":92,"column":62}},"type":"cond-expr","locations":[{"start":{"line":92,"column":45},"end":{"line":92,"column":47}},{"start":{"line":92,"column":50},"end":{"line":92,"column":62}}],"line":92},"9":{"loc":{"start":{"line":107,"column":4},"end":{"line":121,"column":4}},"type":"binary-expr","locations":[{"start":{"line":107,"column":4},"end":{"line":107,"column":8}},{"start":{"line":108,"column":4},"end":{"line":120,"column":25}}],"line":107}},"s":{"0":0,"1":0,"2":0,"3":0,"4":0,"5":0},"f":{"0":0,"1":0,"2":0},"b":{"0":[0,0],"1":[0,0],"2":[0,0],"3":[0,0],"4":[0,0],"5":[0,0],"6":[0,0],"7":[0,0],"8":[0,0],"9":[0,0]}}
,"D:\\Intership\\Project\\frontend\\client\\src\\components\\DashBoard\\applications\\FormApp.jsx": {"path":"D:\\Intership\\Project\\frontend\\client\\src\\components\\DashBoard\\applications\\FormApp.jsx","statementMap":{"0":{"start":{"line":3,"column":16},"end":{"line":9,"column":1}},"1":{"start":{"line":4,"column":2},"end":{"line":8,"column":3}}},"fnMap":{"0":{"name":"(anonymous_0)","decl":{"start":{"line":3,"column":16},"end":{"line":3,"column":17}},"loc":{"start":{"line":3,"column":22},"end":{"line":9,"column":1}},"line":3}},"branchMap":{},"s":{"0":0,"1":0},"f":{"0":0},"b":{}}
,"D:\\Intership\\Project\\frontend\\client\\src\\components\\DashBoard\\common\\Header.jsx": {"path":"D:\\Intership\\Project\\frontend\\client\\src\\components\\DashBoard\\common\\Header.jsx","statementMap":{"0":{"start":{"line":7,"column":15},"end":{"line":51,"column":1}},"1":{"start":{"line":8,"column":34},"end":{"line":8,"column":49}},"2":{"start":{"line":9,"column":19},"end":{"line":9,"column":51}},"3":{"start":{"line":10,"column":19},"end":{"line":10,"column":32}},"4":{"start":{"line":11,"column":19},"end":{"line":11,"column":32}},"5":{"start":{"line":12,"column":21},"end":{"line":14,"column":3}},"6":{"start":{"line":13,"column":4},"end":{"line":13,"column":27}},"7":{"start":{"line":15,"column":24},"end":{"line":19,"column":3}},"8":{"start":{"line":16,"column":4},"end":{"line":16,"column":27}},"9":{"start":{"line":17,"column":4},"end":{"line":17,"column":41}},"10":{"start":{"line":18,"column":4},"end":{"line":18,"column":23}},"11":{"start":{"line":20,"column":23},"end":{"line":24,"column":3}},"12":{"start":{"line":22,"column":4},"end":{"line":22,"column":20}},"13":{"start":{"line":23,"column":4},"end":{"line":23,"column":52}},"14":{"start":{"line":25,"column":2},"end":{"line":50,"column":4}}},"fnMap":{"0":{"name":"(anonymous_0)","decl":{"start":{"line":7,"column":15},"end":{"line":7,"column":16}},"loc":{"start":{"line":7,"column":41},"end":{"line":51,"column":1}},"line":7},"1":{"name":"(anonymous_1)","decl":{"start":{"line":12,"column":21},"end":{"line":12,"column":22}},"loc":{"start":{"line":12,"column":27},"end":{"line":14,"column":3}},"line":12},"2":{"name":"(anonymous_2)","decl":{"start":{"line":15,"column":24},"end":{"line":15,"column":25}},"loc":{"start":{"line":15,"column":30},"end":{"line":19,"column":3}},"line":15},"3":{"name":"(anonymous_3)","decl":{"start":{"line":20,"column":23},"end":{"line":20,"column":24}},"loc":{"start":{"line":20,"column":29},"end":{"line":24,"column":3}},"line":20}},"branchMap":{"0":{"loc":{"start":{"line":26,"column":26},"end":{"line":27,"column":103}},"type":"cond-expr","locations":[{"start":{"line":26,"column":39},"end":{"line":26,"column":153}},{"start":{"line":27,"column":6},"end":{"line":27,"column":103}}],"line":26},"1":{"loc":{"start":{"line":29,"column":26},"end":{"line":29,"column":115}},"type":"cond-expr","locations":[{"start":{"line":29,"column":39},"end":{"line":29,"column":77}},{"start":{"line":29,"column":80},"end":{"line":29,"column":115}}],"line":29},"2":{"loc":{"start":{"line":38,"column":13},"end":{"line":45,"column":13}},"type":"binary-expr","locations":[{"start":{"line":38,"column":13},"end":{"line":38,"column":21}},{"start":{"line":39,"column":14},"end":{"line":44,"column":20}}],"line":38}},"s":{"0":0,"1":0,"2":0,"3":0,"4":0,"5":0,"6":0,"7":0,"8":0,"9":0,"10":0,"11":0,"12":0,"13":0,"14":0},"f":{"0":0,"1":0,"2":0,"3":0},"b":{"0":[0,0],"1":[0,0],"2":[0,0]}}
,"D:\\Intership\\Project\\frontend\\client\\src\\components\\DashBoard\\common\\SideBar.jsx": {"path":"D:\\Intership\\Project\\frontend\\client\\src\\components\\DashBoard\\common\\SideBar.jsx","statementMap":{"0":{"start":{"line":6,"column":16},"end":{"line":105,"column":1}},"1":{"start":{"line":7,"column":24},"end":{"line":44,"column":3}},"2":{"start":{"line":46,"column":44},"end":{"line":46,"column":59}},"3":{"start":{"line":47,"column":40},"end":{"line":47,"column":54}},"4":{"start":{"line":50,"column":2},"end":{"line":104,"column":4}},"5":{"start":{"line":60,"column":25},"end":{"line":60,"column":57}},"6":{"start":{"line":68,"column":12},"end":{"line":90,"column":19}},"7":{"start":{"line":71,"column":36},"end":{"line":71,"column":61}},"8":{"start":{"line":72,"column":36},"end":{"line":72,"column":56}},"9":{"start":{"line":96,"column":26},"end":{"line":96,"column":52}}},"fnMap":{"0":{"name":"(anonymous_0)","decl":{"start":{"line":6,"column":16},"end":{"line":6,"column":17}},"loc":{"start":{"line":6,"column":49},"end":{"line":105,"column":1}},"line":6},"1":{"name":"(anonymous_1)","decl":{"start":{"line":60,"column":19},"end":{"line":60,"column":20}},"loc":{"start":{"line":60,"column":25},"end":{"line":60,"column":57}},"line":60},"2":{"name":"(anonymous_2)","decl":{"start":{"line":67,"column":29},"end":{"line":67,"column":30}},"loc":{"start":{"line":68,"column":12},"end":{"line":90,"column":19}},"line":68},"3":{"name":"(anonymous_3)","decl":{"start":{"line":71,"column":30},"end":{"line":71,"column":31}},"loc":{"start":{"line":71,"column":36},"end":{"line":71,"column":61}},"line":71},"4":{"name":"(anonymous_4)","decl":{"start":{"line":72,"column":30},"end":{"line":72,"column":31}},"loc":{"start":{"line":72,"column":36},"end":{"line":72,"column":56}},"line":72},"5":{"name":"(anonymous_5)","decl":{"start":{"line":96,"column":21},"end":{"line":96,"column":22}},"loc":{"start":{"line":96,"column":26},"end":{"line":96,"column":52}},"line":96}},"branchMap":{"0":{"loc":{"start":{"line":52,"column":88},"end":{"line":52,"column":119}},"type":"cond-expr","locations":[{"start":{"line":52,"column":104},"end":{"line":52,"column":110}},{"start":{"line":52,"column":113},"end":{"line":52,"column":119}}],"line":52},"1":{"loc":{"start":{"line":53,"column":24},"end":{"line":53,"column":48}},"type":"cond-expr","locations":[{"start":{"line":53,"column":40},"end":{"line":53,"column":43}},{"start":{"line":53,"column":46},"end":{"line":53,"column":48}}],"line":53},"2":{"loc":{"start":{"line":55,"column":22},"end":{"line":56,"column":94}},"type":"cond-expr","locations":[{"start":{"line":55,"column":35},"end":{"line":55,"column":129}},{"start":{"line":56,"column":6},"end":{"line":56,"column":94}}],"line":55},"3":{"loc":{"start":{"line":61,"column":41},"end":{"line":61,"column":95}},"type":"cond-expr","locations":[{"start":{"line":61,"column":54},"end":{"line":61,"column":73}},{"start":{"line":61,"column":76},"end":{"line":61,"column":95}}],"line":61},"4":{"loc":{"start":{"line":70,"column":83},"end":{"line":70,"column":137}},"type":"cond-expr","locations":[{"start":{"line":70,"column":96},"end":{"line":70,"column":115}},{"start":{"line":70,"column":118},"end":{"line":70,"column":137}}],"line":70},"5":{"loc":{"start":{"line":76,"column":19},"end":{"line":87,"column":19}},"type":"binary-expr","locations":[{"start":{"line":76,"column":20},"end":{"line":76,"column":33}},{"start":{"line":76,"column":37},"end":{"line":76,"column":62}},{"start":{"line":77,"column":20},"end":{"line":86,"column":34}}],"line":76},"6":{"loc":{"start":{"line":78,"column":36},"end":{"line":78,"column":68}},"type":"cond-expr","locations":[{"start":{"line":78,"column":52},"end":{"line":78,"column":58}},{"start":{"line":78,"column":61},"end":{"line":78,"column":68}}],"line":78},"7":{"loc":{"start":{"line":79,"column":42},"end":{"line":79,"column":82}},"type":"cond-expr","locations":[{"start":{"line":79,"column":55},"end":{"line":79,"column":67}},{"start":{"line":79,"column":70},"end":{"line":79,"column":82}}],"line":79},"8":{"loc":{"start":{"line":97,"column":43},"end":{"line":97,"column":97}},"type":"cond-expr","locations":[{"start":{"line":97,"column":56},"end":{"line":97,"column":75}},{"start":{"line":97,"column":78},"end":{"line":97,"column":97}}],"line":97},"9":{"loc":{"start":{"line":99,"column":13},"end":{"line":99,"column":68}},"type":"cond-expr","locations":[{"start":{"line":99,"column":26},"end":{"line":99,"column":44}},{"start":{"line":99,"column":47},"end":{"line":99,"column":68}}],"line":99}},"s":{"0":0,"1":0,"2":0,"3":0,"4":0,"5":0,"6":0,"7":0,"8":0,"9":0},"f":{"0":0,"1":0,"2":0,"3":0,"4":0,"5":0},"b":{"0":[0,0],"1":[0,0],"2":[0,0],"3":[0,0],"4":[0,0],"5":[0,0,0],"6":[0,0],"7":[0,0],"8":[0,0],"9":[0,0]}}
,"D:\\Intership\\Project\\frontend\\client\\src\\components\\DashBoard\\common\\ThemeContext.jsx": {"path":"D:\\Intership\\Project\\frontend\\client\\src\\components\\DashBoard\\common\\ThemeContext.jsx","statementMap":{"0":{"start":{"line":3,"column":21},"end":{"line":3,"column":36}},"1":{"start":{"line":5,"column":29},"end":{"line":16,"column":1}},"2":{"start":{"line":6,"column":38},"end":{"line":9,"column":4}},"3":{"start":{"line":7,"column":22},"end":{"line":7,"column":56}},"4":{"start":{"line":8,"column":4},"end":{"line":8,"column":32}},"5":{"start":{"line":11,"column":2},"end":{"line":15,"column":4}},"6":{"start":{"line":19,"column":24},"end":{"line":25,"column":1}},"7":{"start":{"line":20,"column":18},"end":{"line":20,"column":42}},"8":{"start":{"line":21,"column":2},"end":{"line":23,"column":3}},"9":{"start":{"line":22,"column":4},"end":{"line":22,"column":68}},"10":{"start":{"line":24,"column":2},"end":{"line":24,"column":53}}},"fnMap":{"0":{"name":"(anonymous_0)","decl":{"start":{"line":5,"column":29},"end":{"line":5,"column":30}},"loc":{"start":{"line":5,"column":47},"end":{"line":16,"column":1}},"line":5},"1":{"name":"(anonymous_1)","decl":{"start":{"line":6,"column":47},"end":{"line":6,"column":48}},"loc":{"start":{"line":6,"column":53},"end":{"line":9,"column":3}},"line":6},"2":{"name":"(anonymous_2)","decl":{"start":{"line":19,"column":24},"end":{"line":19,"column":25}},"loc":{"start":{"line":19,"column":30},"end":{"line":25,"column":1}},"line":19}},"branchMap":{"0":{"loc":{"start":{"line":21,"column":2},"end":{"line":23,"column":3}},"type":"if","locations":[{"start":{"line":21,"column":2},"end":{"line":23,"column":3}},{"start":{},"end":{}}],"line":21}},"s":{"0":0,"1":0,"2":0,"3":0,"4":0,"5":0,"6":0,"7":0,"8":0,"9":0,"10":0},"f":{"0":0,"1":0,"2":0},"b":{"0":[0,0]}}
,"D:\\Intership\\Project\\frontend\\client\\src\\components\\DashBoard\\overview\\AnimatedProgress.jsx": {"path":"D:\\Intership\\Project\\frontend\\client\\src\\components\\DashBoard\\overview\\AnimatedProgress.jsx","statementMap":{"0":{"start":{"line":5,"column":13},"end":{"line":5,"column":22}},"1":{"start":{"line":7,"column":10},"end":{"line":9,"column":3}},"2":{"start":{"line":11,"column":24},"end":{"line":13,"column":3}},"3":{"start":{"line":16,"column":4},"end":{"line":26,"column":5}},"4":{"start":{"line":17,"column":6},"end":{"line":21,"column":37}},"5":{"start":{"line":18,"column":8},"end":{"line":20,"column":11}},"6":{"start":{"line":23,"column":6},"end":{"line":25,"column":9}},"7":{"start":{"line":30,"column":4},"end":{"line":30,"column":40}},"8":{"start":{"line":34,"column":4},"end":{"line":51,"column":6}},"9":{"start":{"line":36,"column":22},"end":{"line":38,"column":9}},"10":{"start":{"line":39,"column":23},"end":{"line":47,"column":9}},"11":{"start":{"line":49,"column":24},"end":{"line":49,"column":50}}},"fnMap":{"0":{"name":"(anonymous_0)","decl":{"start":{"line":15,"column":2},"end":{"line":15,"column":3}},"loc":{"start":{"line":15,"column":22},"end":{"line":27,"column":3}},"line":15},"1":{"name":"(anonymous_1)","decl":{"start":{"line":17,"column":41},"end":{"line":17,"column":42}},"loc":{"start":{"line":17,"column":47},"end":{"line":21,"column":7}},"line":17},"2":{"name":"(anonymous_2)","decl":{"start":{"line":29,"column":2},"end":{"line":29,"column":3}},"loc":{"start":{"line":29,"column":25},"end":{"line":31,"column":3}},"line":29},"3":{"name":"(anonymous_3)","decl":{"start":{"line":33,"column":2},"end":{"line":33,"column":3}},"loc":{"start":{"line":33,"column":11},"end":{"line":52,"column":3}},"line":33},"4":{"name":"(anonymous_4)","decl":{"start":{"line":36,"column":15},"end":{"line":36,"column":16}},"loc":{"start":{"line":36,"column":22},"end":{"line":38,"column":9}},"line":36},"5":{"name":"(anonymous_5)","decl":{"start":{"line":39,"column":16},"end":{"line":39,"column":17}},"loc":{"start":{"line":39,"column":23},"end":{"line":47,"column":9}},"line":39},"6":{"name":"(anonymous_6)","decl":{"start":{"line":49,"column":9},"end":{"line":49,"column":10}},"loc":{"start":{"line":49,"column":24},"end":{"line":49,"column":50}},"line":49}},"branchMap":{"0":{"loc":{"start":{"line":16,"column":4},"end":{"line":26,"column":5}},"type":"if","locations":[{"start":{"line":16,"column":4},"end":{"line":26,"column":5}},{"start":{"line":22,"column":11},"end":{"line":26,"column":5}}],"line":16},"1":{"loc":{"start":{"line":41,"column":12},"end":{"line":41,"column":79}},"type":"cond-expr","locations":[{"start":{"line":41,"column":36},"end":{"line":41,"column":55}},{"start":{"line":41,"column":58},"end":{"line":41,"column":79}}],"line":41}},"s":{"0":0,"1":0,"2":0,"3":0,"4":0,"5":0,"6":0,"7":0,"8":0,"9":0,"10":0,"11":0},"f":{"0":0,"1":0,"2":0,"3":0,"4":0,"5":0,"6":0},"b":{"0":[0,0],"1":[0,0]}}
,"D:\\Intership\\Project\\frontend\\client\\src\\components\\DashBoard\\overview\\ChartCard.jsx": {"path":"D:\\Intership\\Project\\frontend\\client\\src\\components\\DashBoard\\overview\\ChartCard.jsx","statementMap":{"0":{"start":{"line":6,"column":18},"end":{"line":58,"column":1}},"1":{"start":{"line":7,"column":34},"end":{"line":7,"column":45}},"2":{"start":{"line":9,"column":2},"end":{"line":28,"column":19}},"3":{"start":{"line":10,"column":16},"end":{"line":10,"column":17}},"4":{"start":{"line":11,"column":16},"end":{"line":11,"column":26}},"5":{"start":{"line":12,"column":21},"end":{"line":12,"column":25}},"6":{"start":{"line":13,"column":26},"end":{"line":13,"column":29}},"7":{"start":{"line":14,"column":23},"end":{"line":14,"column":47}},"8":{"start":{"line":16,"column":22},"end":{"line":16,"column":48}},"9":{"start":{"line":18,"column":21},"end":{"line":25,"column":21}},"10":{"start":{"line":19,"column":6},"end":{"line":19,"column":25}},"11":{"start":{"line":20,"column":6},"end":{"line":23,"column":7}},"12":{"start":{"line":21,"column":8},"end":{"line":21,"column":32}},"13":{"start":{"line":22,"column":8},"end":{"line":22,"column":20}},"14":{"start":{"line":24,"column":6},"end":{"line":24,"column":37}},"15":{"start":{"line":27,"column":4},"end":{"line":27,"column":41}},"16":{"start":{"line":27,"column":17},"end":{"line":27,"column":40}},"17":{"start":{"line":29,"column":2},"end":{"line":57,"column":3}},"18":{"start":{"line":59,"column":0},"end":{"line":65,"column":2}}},"fnMap":{"0":{"name":"(anonymous_0)","decl":{"start":{"line":6,"column":18},"end":{"line":6,"column":19}},"loc":{"start":{"line":6,"column":82},"end":{"line":58,"column":1}},"line":6},"1":{"name":"(anonymous_1)","decl":{"start":{"line":9,"column":12},"end":{"line":9,"column":13}},"loc":{"start":{"line":9,"column":18},"end":{"line":28,"column":3}},"line":9},"2":{"name":"(anonymous_2)","decl":{"start":{"line":18,"column":33},"end":{"line":18,"column":34}},"loc":{"start":{"line":18,"column":39},"end":{"line":25,"column":5}},"line":18},"3":{"name":"(anonymous_3)","decl":{"start":{"line":27,"column":11},"end":{"line":27,"column":12}},"loc":{"start":{"line":27,"column":17},"end":{"line":27,"column":40}},"line":27}},"branchMap":{"0":{"loc":{"start":{"line":20,"column":6},"end":{"line":23,"column":7}},"type":"if","locations":[{"start":{"line":20,"column":6},"end":{"line":23,"column":7}},{"start":{},"end":{}}],"line":20},"1":{"loc":{"start":{"line":31,"column":18},"end":{"line":33,"column":128}},"type":"cond-expr","locations":[{"start":{"line":32,"column":4},"end":{"line":32,"column":129}},{"start":{"line":33,"column":6},"end":{"line":33,"column":128}}],"line":31},"2":{"loc":{"start":{"line":41,"column":53},"end":{"line":41,"column":96}},"type":"cond-expr","locations":[{"start":{"line":41,"column":66},"end":{"line":41,"column":81}},{"start":{"line":41,"column":84},"end":{"line":41,"column":96}}],"line":41}},"s":{"0":0,"1":0,"2":0,"3":0,"4":0,"5":0,"6":0,"7":0,"8":0,"9":0,"10":0,"11":0,"12":0,"13":0,"14":0,"15":0,"16":0,"17":0,"18":0},"f":{"0":0,"1":0,"2":0,"3":0},"b":{"0":[0,0],"1":[0,0],"2":[0,0]}}
,"D:\\Intership\\Project\\frontend\\client\\src\\components\\DashBoard\\overview\\FormOverview.jsx": {"path":"D:\\Intership\\Project\\frontend\\client\\src\\components\\DashBoard\\overview\\FormOverview.jsx","statementMap":{"0":{"start":{"line":3,"column":21},"end":{"line":22,"column":1}},"1":{"start":{"line":4,"column":2},"end":{"line":21,"column":3}}},"fnMap":{"0":{"name":"(anonymous_0)","decl":{"start":{"line":3,"column":21},"end":{"line":3,"column":22}},"loc":{"start":{"line":3,"column":45},"end":{"line":22,"column":1}},"line":3}},"branchMap":{"0":{"loc":{"start":{"line":7,"column":24},"end":{"line":8,"column":157}},"type":"cond-expr","locations":[{"start":{"line":7,"column":37},"end":{"line":7,"column":178}},{"start":{"line":8,"column":20},"end":{"line":8,"column":157}}],"line":7}},"s":{"0":0,"1":0},"f":{"0":0},"b":{"0":[0,0]}}
,"D:\\Intership\\Project\\frontend\\client\\src\\components\\DashBoard\\overview\\OverviewTable.jsx": {"path":"D:\\Intership\\Project\\frontend\\client\\src\\components\\DashBoard\\overview\\OverviewTable.jsx","statementMap":{"0":{"start":{"line":5,"column":22},"end":{"line":103,"column":1}},"1":{"start":{"line":6,"column":38},"end":{"line":6,"column":53}},"2":{"start":{"line":7,"column":15},"end":{"line":9,"column":3}},"3":{"start":{"line":10,"column":2},"end":{"line":20,"column":7}},"4":{"start":{"line":11,"column":26},"end":{"line":15,"column":5}},"5":{"start":{"line":12,"column":8},"end":{"line":14,"column":9}},"6":{"start":{"line":13,"column":12},"end":{"line":13,"column":33}},"7":{"start":{"line":16,"column":4},"end":{"line":16,"column":54}},"8":{"start":{"line":17,"column":4},"end":{"line":19,"column":6}},"9":{"start":{"line":18,"column":8},"end":{"line":18,"column":61}},"10":{"start":{"line":21,"column":2},"end":{"line":102,"column":3}},"11":{"start":{"line":41,"column":21},"end":{"line":41,"column":40}},"12":{"start":{"line":60,"column":9},"end":{"line":88,"column":10}}},"fnMap":{"0":{"name":"(anonymous_0)","decl":{"start":{"line":5,"column":22},"end":{"line":5,"column":23}},"loc":{"start":{"line":5,"column":40},"end":{"line":103,"column":1}},"line":5},"1":{"name":"(anonymous_1)","decl":{"start":{"line":10,"column":12},"end":{"line":10,"column":13}},"loc":{"start":{"line":10,"column":18},"end":{"line":20,"column":3}},"line":10},"2":{"name":"(anonymous_2)","decl":{"start":{"line":11,"column":26},"end":{"line":11,"column":27}},"loc":{"start":{"line":11,"column":33},"end":{"line":15,"column":5}},"line":11},"3":{"name":"(anonymous_3)","decl":{"start":{"line":17,"column":11},"end":{"line":17,"column":12}},"loc":{"start":{"line":17,"column":17},"end":{"line":19,"column":5}},"line":17},"4":{"name":"(anonymous_4)","decl":{"start":{"line":41,"column":15},"end":{"line":41,"column":16}},"loc":{"start":{"line":41,"column":21},"end":{"line":41,"column":40}},"line":41},"5":{"name":"(anonymous_5)","decl":{"start":{"line":59,"column":17},"end":{"line":59,"column":18}},"loc":{"start":{"line":59,"column":27},"end":{"line":89,"column":8}},"line":59}},"branchMap":{"0":{"loc":{"start":{"line":12,"column":8},"end":{"line":14,"column":9}},"type":"if","locations":[{"start":{"line":12,"column":8},"end":{"line":14,"column":9}},{"start":{},"end":{}}],"line":12},"1":{"loc":{"start":{"line":24,"column":18},"end":{"line":25,"column":110}},"type":"cond-expr","locations":[{"start":{"line":24,"column":31},"end":{"line":24,"column":128}},{"start":{"line":25,"column":16},"end":{"line":25,"column":110}}],"line":24},"2":{"loc":{"start":{"line":31,"column":23},"end":{"line":31,"column":110}},"type":"cond-expr","locations":[{"start":{"line":31,"column":36},"end":{"line":31,"column":73}},{"start":{"line":31,"column":76},"end":{"line":31,"column":110}}],"line":31},"3":{"loc":{"start":{"line":36,"column":22},"end":{"line":36,"column":283}},"type":"cond-expr","locations":[{"start":{"line":36,"column":35},"end":{"line":36,"column":159}},{"start":{"line":36,"column":162},"end":{"line":36,"column":283}}],"line":36},"4":{"loc":{"start":{"line":38,"column":28},"end":{"line":38,"column":119}},"type":"cond-expr","locations":[{"start":{"line":38,"column":41},"end":{"line":38,"column":80}},{"start":{"line":38,"column":83},"end":{"line":38,"column":119}}],"line":38},"5":{"loc":{"start":{"line":58,"column":9},"end":{"line":91,"column":8}},"type":"cond-expr","locations":[{"start":{"line":59,"column":8},"end":{"line":89,"column":9}},{"start":{"line":90,"column":8},"end":{"line":90,"column":22}}],"line":58},"6":{"loc":{"start":{"line":68,"column":29},"end":{"line":68,"column":87}},"type":"cond-expr","locations":[{"start":{"line":68,"column":42},"end":{"line":68,"column":65}},{"start":{"line":68,"column":67},"end":{"line":68,"column":87}}],"line":68},"7":{"loc":{"start":{"line":73,"column":31},"end":{"line":73,"column":113}},"type":"cond-expr","locations":[{"start":{"line":73,"column":44},"end":{"line":73,"column":79}},{"start":{"line":73,"column":81},"end":{"line":73,"column":113}}],"line":73},"8":{"loc":{"start":{"line":78,"column":29},"end":{"line":78,"column":87}},"type":"cond-expr","locations":[{"start":{"line":78,"column":42},"end":{"line":78,"column":65}},{"start":{"line":78,"column":67},"end":{"line":78,"column":87}}],"line":78},"9":{"loc":{"start":{"line":81,"column":29},"end":{"line":81,"column":87}},"type":"cond-expr","locations":[{"start":{"line":81,"column":42},"end":{"line":81,"column":65}},{"start":{"line":81,"column":67},"end":{"line":81,"column":87}}],"line":81},"10":{"loc":{"start":{"line":98,"column":9},"end":{"line":100,"column":9}},"type":"binary-expr","locations":[{"start":{"line":98,"column":9},"end":{"line":98,"column":19}},{"start":{"line":99,"column":16},"end":{"line":99,"column":84}}],"line":98}},"s":{"0":0,"1":0,"2":0,"3":0,"4":0,"5":0,"6":0,"7":0,"8":0,"9":0,"10":0,"11":0,"12":0},"f":{"0":0,"1":0,"2":0,"3":0,"4":0,"5":0},"b":{"0":[0,0],"1":[0,0],"2":[0,0],"3":[0,0],"4":[0,0],"5":[0,0],"6":[0,0],"7":[0,0],"8":[0,0],"9":[0,0],"10":[0,0]}}
,"D:\\Intership\\Project\\frontend\\client\\src\\components\\DashBoard\\overview\\StatCard.jsx": {"path":"D:\\Intership\\Project\\frontend\\client\\src\\components\\DashBoard\\overview\\StatCard.jsx","statementMap":{"0":{"start":{"line":3,"column":17},"end":{"line":19,"column":1}},"1":{"start":{"line":4,"column":1},"end":{"line":18,"column":3}}},"fnMap":{"0":{"name":"(anonymous_0)","decl":{"start":{"line":3,"column":17},"end":{"line":3,"column":18}},"loc":{"start":{"line":3,"column":69},"end":{"line":19,"column":1}},"line":3}},"branchMap":{"0":{"loc":{"start":{"line":6,"column":17},"end":{"line":7,"column":115}},"type":"cond-expr","locations":[{"start":{"line":6,"column":30},"end":{"line":6,"column":134}},{"start":{"line":7,"column":14},"end":{"line":7,"column":115}}],"line":6},"1":{"loc":{"start":{"line":15,"column":49},"end":{"line":15,"column":92}},"type":"cond-expr","locations":[{"start":{"line":15,"column":62},"end":{"line":15,"column":77}},{"start":{"line":15,"column":80},"end":{"line":15,"column":92}}],"line":15}},"s":{"0":0,"1":0},"f":{"0":0},"b":{"0":[0,0],"1":[0,0]}}
,"D:\\Intership\\Project\\frontend\\client\\src\\components\\DashBoard\\settings\\ConnectedAccounts.jsx": {"path":"D:\\Intership\\Project\\frontend\\client\\src\\components\\DashBoard\\settings\\ConnectedAccounts.jsx","statementMap":{"0":{"start":{"line":5,"column":26},"end":{"line":61,"column":1}},"1":{"start":{"line":6,"column":51},"end":{"line":25,"column":3}},"2":{"start":{"line":26,"column":1},"end":{"line":60,"column":3}},"3":{"start":{"line":29,"column":4},"end":{"line":54,"column":10}},"4":{"start":{"line":39,"column":7},"end":{"line":49,"column":9}},"5":{"start":{"line":41,"column":9},"end":{"line":46,"column":10}},"6":{"start":{"line":42,"column":10},"end":{"line":45,"column":12}},"7":{"start":{"line":47,"column":9},"end":{"line":47,"column":20}}},"fnMap":{"0":{"name":"(anonymous_0)","decl":{"start":{"line":5,"column":26},"end":{"line":5,"column":27}},"loc":{"start":{"line":5,"column":44},"end":{"line":61,"column":1}},"line":5},"1":{"name":"(anonymous_1)","decl":{"start":{"line":28,"column":26},"end":{"line":28,"column":27}},"loc":{"start":{"line":29,"column":4},"end":{"line":54,"column":10}},"line":29},"2":{"name":"(anonymous_2)","decl":{"start":{"line":38,"column":15},"end":{"line":38,"column":16}},"loc":{"start":{"line":38,"column":21},"end":{"line":50,"column":7}},"line":38},"3":{"name":"(anonymous_3)","decl":{"start":{"line":40,"column":30},"end":{"line":40,"column":31}},"loc":{"start":{"line":40,"column":39},"end":{"line":48,"column":9}},"line":40}},"branchMap":{"0":{"loc":{"start":{"line":32,"column":26},"end":{"line":32,"column":69}},"type":"cond-expr","locations":[{"start":{"line":32,"column":39},"end":{"line":32,"column":54}},{"start":{"line":32,"column":57},"end":{"line":32,"column":69}}],"line":32},"1":{"loc":{"start":{"line":36,"column":7},"end":{"line":36,"column":94}},"type":"cond-expr","locations":[{"start":{"line":36,"column":27},"end":{"line":36,"column":60}},{"start":{"line":36,"column":63},"end":{"line":36,"column":94}}],"line":36},"2":{"loc":{"start":{"line":41,"column":9},"end":{"line":46,"column":10}},"type":"if","locations":[{"start":{"line":41,"column":9},"end":{"line":46,"column":10}},{"start":{},"end":{}}],"line":41},"3":{"loc":{"start":{"line":52,"column":7},"end":{"line":52,"column":50}},"type":"cond-expr","locations":[{"start":{"line":52,"column":27},"end":{"line":52,"column":38}},{"start":{"line":52,"column":41},"end":{"line":52,"column":50}}],"line":52}},"s":{"0":0,"1":0,"2":0,"3":0,"4":0,"5":0,"6":0,"7":0},"f":{"0":0,"1":0,"2":0,"3":0},"b":{"0":[0,0],"1":[0,0],"2":[0,0],"3":[0,0]}}
,"D:\\Intership\\Project\\frontend\\client\\src\\components\\DashBoard\\settings\\DangerZone.jsx": {"path":"D:\\Intership\\Project\\frontend\\client\\src\\components\\DashBoard\\settings\\DangerZone.jsx","statementMap":{"0":{"start":{"line":4,"column":19},"end":{"line":26,"column":1}},"1":{"start":{"line":5,"column":1},"end":{"line":25,"column":3}}},"fnMap":{"0":{"name":"(anonymous_0)","decl":{"start":{"line":4,"column":19},"end":{"line":4,"column":20}},"loc":{"start":{"line":4,"column":37},"end":{"line":26,"column":1}},"line":4}},"branchMap":{"0":{"loc":{"start":{"line":7,"column":17},"end":{"line":8,"column":121}},"type":"cond-expr","locations":[{"start":{"line":7,"column":30},"end":{"line":7,"column":141}},{"start":{"line":8,"column":12},"end":{"line":8,"column":121}}],"line":7},"1":{"loc":{"start":{"line":15,"column":22},"end":{"line":15,"column":108}},"type":"cond-expr","locations":[{"start":{"line":15,"column":35},"end":{"line":15,"column":72}},{"start":{"line":15,"column":74},"end":{"line":15,"column":108}}],"line":15}},"s":{"0":0,"1":0},"f":{"0":0},"b":{"0":[0,0],"1":[0,0]}}
,"D:\\Intership\\Project\\frontend\\client\\src\\components\\DashBoard\\settings\\Notification.jsx": {"path":"D:\\Intership\\Project\\frontend\\client\\src\\components\\DashBoard\\settings\\Notification.jsx","statementMap":{"0":{"start":{"line":6,"column":22},"end":{"line":35,"column":1}},"1":{"start":{"line":7,"column":43},"end":{"line":11,"column":3}},"2":{"start":{"line":13,"column":1},"end":{"line":34,"column":3}},"3":{"start":{"line":19,"column":20},"end":{"line":19,"column":85}},"4":{"start":{"line":25,"column":20},"end":{"line":25,"column":87}},"5":{"start":{"line":31,"column":20},"end":{"line":31,"column":83}}},"fnMap":{"0":{"name":"(anonymous_0)","decl":{"start":{"line":6,"column":22},"end":{"line":6,"column":23}},"loc":{"start":{"line":6,"column":40},"end":{"line":35,"column":1}},"line":6},"1":{"name":"(anonymous_1)","decl":{"start":{"line":19,"column":14},"end":{"line":19,"column":15}},"loc":{"start":{"line":19,"column":20},"end":{"line":19,"column":85}},"line":19},"2":{"name":"(anonymous_2)","decl":{"start":{"line":25,"column":14},"end":{"line":25,"column":15}},"loc":{"start":{"line":25,"column":20},"end":{"line":25,"column":87}},"line":25},"3":{"name":"(anonymous_3)","decl":{"start":{"line":31,"column":14},"end":{"line":31,"column":15}},"loc":{"start":{"line":31,"column":20},"end":{"line":31,"column":83}},"line":31}},"branchMap":{},"s":{"0":0,"1":0,"2":0,"3":0,"4":0,"5":0},"f":{"0":0,"1":0,"2":0,"3":0},"b":{}}
,"D:\\Intership\\Project\\frontend\\client\\src\\components\\DashBoard\\settings\\Profile.jsx": {"path":"D:\\Intership\\Project\\frontend\\client\\src\\components\\DashBoard\\settings\\Profile.jsx","statementMap":{"0":{"start":{"line":4,"column":16},"end":{"line":25,"column":1}},"1":{"start":{"line":5,"column":1},"end":{"line":24,"column":3}}},"fnMap":{"0":{"name":"(anonymous_0)","decl":{"start":{"line":4,"column":16},"end":{"line":4,"column":17}},"loc":{"start":{"line":4,"column":34},"end":{"line":25,"column":1}},"line":4}},"branchMap":{"0":{"loc":{"start":{"line":15,"column":23},"end":{"line":15,"column":110}},"type":"cond-expr","locations":[{"start":{"line":15,"column":36},"end":{"line":15,"column":73}},{"start":{"line":15,"column":76},"end":{"line":15,"column":110}}],"line":15},"1":{"loc":{"start":{"line":16,"column":22},"end":{"line":16,"column":65}},"type":"cond-expr","locations":[{"start":{"line":16,"column":35},"end":{"line":16,"column":50}},{"start":{"line":16,"column":53},"end":{"line":16,"column":65}}],"line":16}},"s":{"0":0,"1":0},"f":{"0":0},"b":{"0":[0,0],"1":[0,0]}}
,"D:\\Intership\\Project\\frontend\\client\\src\\components\\DashBoard\\settings\\Security.jsx": {"path":"D:\\Intership\\Project\\frontend\\client\\src\\components\\DashBoard\\settings\\Security.jsx","statementMap":{"0":{"start":{"line":6,"column":17},"end":{"line":28,"column":1}},"1":{"start":{"line":7,"column":35},"end":{"line":7,"column":50}},"2":{"start":{"line":9,"column":1},"end":{"line":27,"column":3}},"3":{"start":{"line":15,"column":20},"end":{"line":15,"column":44}}},"fnMap":{"0":{"name":"(anonymous_0)","decl":{"start":{"line":6,"column":17},"end":{"line":6,"column":18}},"loc":{"start":{"line":6,"column":35},"end":{"line":28,"column":1}},"line":6},"1":{"name":"(anonymous_1)","decl":{"start":{"line":15,"column":14},"end":{"line":15,"column":15}},"loc":{"start":{"line":15,"column":20},"end":{"line":15,"column":44}},"line":15}},"branchMap":{},"s":{"0":0,"1":0,"2":0,"3":0},"f":{"0":0,"1":0},"b":{}}
,"D:\\Intership\\Project\\frontend\\client\\src\\components\\DashBoard\\settings\\SettingSection.jsx": {"path":"D:\\Intership\\Project\\frontend\\client\\src\\components\\DashBoard\\settings\\SettingSection.jsx","statementMap":{"0":{"start":{"line":3,"column":23},"end":{"line":19,"column":1}},"1":{"start":{"line":4,"column":1},"end":{"line":18,"column":3}}},"fnMap":{"0":{"name":"(anonymous_0)","decl":{"start":{"line":3,"column":23},"end":{"line":3,"column":24}},"loc":{"start":{"line":3,"column":72},"end":{"line":19,"column":1}},"line":3}},"branchMap":{"0":{"loc":{"start":{"line":6,"column":17},"end":{"line":7,"column":122}},"type":"cond-expr","locations":[{"start":{"line":6,"column":30},"end":{"line":6,"column":143}},{"start":{"line":7,"column":12},"end":{"line":7,"column":122}}],"line":6},"1":{"loc":{"start":{"line":14,"column":22},"end":{"line":14,"column":109}},"type":"cond-expr","locations":[{"start":{"line":14,"column":35},"end":{"line":14,"column":72}},{"start":{"line":14,"column":75},"end":{"line":14,"column":109}}],"line":14}},"s":{"0":0,"1":0},"f":{"0":0},"b":{"0":[0,0],"1":[0,0]}}
,"D:\\Intership\\Project\\frontend\\client\\src\\components\\DashBoard\\settings\\ToggleSwitch.jsx": {"path":"D:\\Intership\\Project\\frontend\\client\\src\\components\\DashBoard\\settings\\ToggleSwitch.jsx","statementMap":{"0":{"start":{"line":1,"column":21},"end":{"line":20,"column":1}},"1":{"start":{"line":2,"column":1},"end":{"line":19,"column":3}}},"fnMap":{"0":{"name":"(anonymous_0)","decl":{"start":{"line":1,"column":21},"end":{"line":1,"column":22}},"loc":{"start":{"line":1,"column":64},"end":{"line":20,"column":1}},"line":1}},"branchMap":{"0":{"loc":{"start":{"line":4,"column":23},"end":{"line":4,"column":66}},"type":"cond-expr","locations":[{"start":{"line":4,"column":36},"end":{"line":4,"column":51}},{"start":{"line":4,"column":54},"end":{"line":4,"column":66}}],"line":4},"1":{"loc":{"start":{"line":8,"column":10},"end":{"line":8,"column":48}},"type":"cond-expr","locations":[{"start":{"line":8,"column":17},"end":{"line":8,"column":32}},{"start":{"line":8,"column":35},"end":{"line":8,"column":48}}],"line":8},"2":{"loc":{"start":{"line":14,"column":14},"end":{"line":14,"column":54}},"type":"cond-expr","locations":[{"start":{"line":14,"column":21},"end":{"line":14,"column":36}},{"start":{"line":14,"column":39},"end":{"line":14,"column":54}}],"line":14}},"s":{"0":0,"1":0},"f":{"0":0},"b":{"0":[0,0],"1":[0,0],"2":[0,0]}}
,"D:\\Intership\\Project\\frontend\\client\\src\\components\\DashBoard\\users\\FormUser.jsx": {"path":"D:\\Intership\\Project\\frontend\\client\\src\\components\\DashBoard\\users\\FormUser.jsx","statementMap":{"0":{"start":{"line":2,"column":17},"end":{"line":34,"column":1}},"1":{"start":{"line":3,"column":2},"end":{"line":33,"column":3}},"2":{"start":{"line":35,"column":0},"end":{"line":39,"column":4}}},"fnMap":{"0":{"name":"(anonymous_0)","decl":{"start":{"line":2,"column":17},"end":{"line":2,"column":18}},"loc":{"start":{"line":2,"column":35},"end":{"line":34,"column":1}},"line":2}},"branchMap":{"0":{"loc":{"start":{"line":6,"column":24},"end":{"line":7,"column":157}},"type":"cond-expr","locations":[{"start":{"line":6,"column":37},"end":{"line":6,"column":178}},{"start":{"line":7,"column":20},"end":{"line":7,"column":157}}],"line":6},"1":{"loc":{"start":{"line":8,"column":24},"end":{"line":9,"column":59}},"type":"cond-expr","locations":[{"start":{"line":8,"column":37},"end":{"line":8,"column":88}},{"start":{"line":9,"column":8},"end":{"line":9,"column":59}}],"line":8},"2":{"loc":{"start":{"line":12,"column":48},"end":{"line":13,"column":135}},"type":"cond-expr","locations":[{"start":{"line":12,"column":62},"end":{"line":12,"column":190}},{"start":{"line":13,"column":10},"end":{"line":13,"column":135}}],"line":12},"3":{"loc":{"start":{"line":18,"column":48},"end":{"line":19,"column":135}},"type":"cond-expr","locations":[{"start":{"line":18,"column":62},"end":{"line":18,"column":190}},{"start":{"line":19,"column":10},"end":{"line":19,"column":135}}],"line":18},"4":{"loc":{"start":{"line":24,"column":49},"end":{"line":25,"column":135}},"type":"cond-expr","locations":[{"start":{"line":24,"column":63},"end":{"line":24,"column":191}},{"start":{"line":25,"column":10},"end":{"line":25,"column":135}}],"line":24}},"s":{"0":0,"1":0,"2":0},"f":{"0":0},"b":{"0":[0,0],"1":[0,0],"2":[0,0],"3":[0,0],"4":[0,0]}}
,"D:\\Intership\\Project\\frontend\\client\\src\\components\\DashBoard\\users\\UserTable.jsx": {"path":"D:\\Intership\\Project\\frontend\\client\\src\\components\\DashBoard\\users\\UserTable.jsx","statementMap":{"0":{"start":{"line":9,"column":19},"end":{"line":175,"column":1}},"1":{"start":{"line":11,"column":37},"end":{"line":11,"column":52}},"2":{"start":{"line":12,"column":14},"end":{"line":14,"column":2}},"3":{"start":{"line":15,"column":36},"end":{"line":15,"column":51}},"4":{"start":{"line":16,"column":45},"end":{"line":16,"column":57}},"5":{"start":{"line":17,"column":39},"end":{"line":17,"column":54}},"6":{"start":{"line":19,"column":1},"end":{"line":32,"column":8}},"7":{"start":{"line":20,"column":24},"end":{"line":25,"column":3}},"8":{"start":{"line":21,"column":3},"end":{"line":24,"column":4}},"9":{"start":{"line":22,"column":4},"end":{"line":22,"column":25}},"10":{"start":{"line":23,"column":4},"end":{"line":23,"column":26}},"11":{"start":{"line":27,"column":2},"end":{"line":27,"column":52}},"12":{"start":{"line":29,"column":2},"end":{"line":31,"column":4}},"13":{"start":{"line":30,"column":3},"end":{"line":30,"column":56}},"14":{"start":{"line":34,"column":1},"end":{"line":174,"column":3}},"15":{"start":{"line":54,"column":21},"end":{"line":54,"column":40}},"16":{"start":{"line":73,"column":9},"end":{"line":105,"column":10}},"17":{"start":{"line":148,"column":22},"end":{"line":148,"column":41}}},"fnMap":{"0":{"name":"(anonymous_0)","decl":{"start":{"line":9,"column":19},"end":{"line":9,"column":20}},"loc":{"start":{"line":9,"column":37},"end":{"line":175,"column":1}},"line":9},"1":{"name":"(anonymous_1)","decl":{"start":{"line":19,"column":11},"end":{"line":19,"column":12}},"loc":{"start":{"line":19,"column":17},"end":{"line":32,"column":2}},"line":19},"2":{"name":"(anonymous_2)","decl":{"start":{"line":20,"column":24},"end":{"line":20,"column":25}},"loc":{"start":{"line":20,"column":31},"end":{"line":25,"column":3}},"line":20},"3":{"name":"(anonymous_3)","decl":{"start":{"line":29,"column":9},"end":{"line":29,"column":10}},"loc":{"start":{"line":29,"column":15},"end":{"line":31,"column":3}},"line":29},"4":{"name":"(anonymous_4)","decl":{"start":{"line":54,"column":15},"end":{"line":54,"column":16}},"loc":{"start":{"line":54,"column":21},"end":{"line":54,"column":40}},"line":54},"5":{"name":"(anonymous_5)","decl":{"start":{"line":72,"column":17},"end":{"line":72,"column":18}},"loc":{"start":{"line":72,"column":27},"end":{"line":106,"column":8}},"line":72},"6":{"name":"(anonymous_6)","decl":{"start":{"line":148,"column":16},"end":{"line":148,"column":17}},"loc":{"start":{"line":148,"column":22},"end":{"line":148,"column":41}},"line":148}},"branchMap":{"0":{"loc":{"start":{"line":21,"column":3},"end":{"line":24,"column":4}},"type":"if","locations":[{"start":{"line":21,"column":3},"end":{"line":24,"column":4}},{"start":{},"end":{}}],"line":21},"1":{"loc":{"start":{"line":37,"column":18},"end":{"line":38,"column":99}},"type":"cond-expr","locations":[{"start":{"line":37,"column":31},"end":{"line":37,"column":128}},{"start":{"line":38,"column":5},"end":{"line":38,"column":99}}],"line":37},"2":{"loc":{"start":{"line":44,"column":23},"end":{"line":44,"column":110}},"type":"cond-expr","locations":[{"start":{"line":44,"column":36},"end":{"line":44,"column":73}},{"start":{"line":44,"column":76},"end":{"line":44,"column":110}}],"line":44},"3":{"loc":{"start":{"line":49,"column":21},"end":{"line":49,"column":282}},"type":"cond-expr","locations":[{"start":{"line":49,"column":34},"end":{"line":49,"column":158}},{"start":{"line":49,"column":161},"end":{"line":49,"column":282}}],"line":49},"4":{"loc":{"start":{"line":51,"column":28},"end":{"line":51,"column":119}},"type":"cond-expr","locations":[{"start":{"line":51,"column":41},"end":{"line":51,"column":80}},{"start":{"line":51,"column":83},"end":{"line":51,"column":119}}],"line":51},"5":{"loc":{"start":{"line":71,"column":9},"end":{"line":108,"column":8}},"type":"cond-expr","locations":[{"start":{"line":72,"column":8},"end":{"line":106,"column":9}},{"start":{"line":107,"column":8},"end":{"line":107,"column":22}}],"line":71},"6":{"loc":{"start":{"line":90,"column":31},"end":{"line":90,"column":113}},"type":"cond-expr","locations":[{"start":{"line":90,"column":44},"end":{"line":90,"column":79}},{"start":{"line":90,"column":81},"end":{"line":90,"column":113}}],"line":90},"7":{"loc":{"start":{"line":95,"column":29},"end":{"line":95,"column":87}},"type":"cond-expr","locations":[{"start":{"line":95,"column":42},"end":{"line":95,"column":65}},{"start":{"line":95,"column":67},"end":{"line":95,"column":87}}],"line":95},"8":{"loc":{"start":{"line":98,"column":29},"end":{"line":98,"column":87}},"type":"cond-expr","locations":[{"start":{"line":98,"column":42},"end":{"line":98,"column":65}},{"start":{"line":98,"column":67},"end":{"line":98,"column":87}}],"line":98},"9":{"loc":{"start":{"line":115,"column":4},"end":{"line":118,"column":5}},"type":"binary-expr","locations":[{"start":{"line":115,"column":4},"end":{"line":115,"column":15}},{"start":{"line":116,"column":5},"end":{"line":117,"column":7}}],"line":115},"10":{"loc":{"start":{"line":120,"column":4},"end":{"line":155,"column":4}},"type":"binary-expr","locations":[{"start":{"line":120,"column":4},"end":{"line":120,"column":13}},{"start":{"line":121,"column":4},"end":{"line":154,"column":7}}],"line":120},"11":{"loc":{"start":{"line":157,"column":4},"end":{"line":159,"column":4}},"type":"binary-expr","locations":[{"start":{"line":157,"column":4},"end":{"line":157,"column":14}},{"start":{"line":158,"column":5},"end":{"line":158,"column":42}}],"line":157}},"s":{"0":0,"1":0,"2":0,"3":0,"4":0,"5":0,"6":0,"7":0,"8":0,"9":0,"10":0,"11":0,"12":0,"13":0,"14":0,"15":0,"16":0,"17":0},"f":{"0":0,"1":0,"2":0,"3":0,"4":0,"5":0,"6":0},"b":{"0":[0,0],"1":[0,0],"2":[0,0],"3":[0,0],"4":[0,0],"5":[0,0],"6":[0,0],"7":[0,0],"8":[0,0],"9":[0,0],"10":[0,0],"11":[0,0]}}
,"D:\\Intership\\Project\\frontend\\client\\src\\components\\DashBoard\\webhooks\\FormWebHook.jsx": {"path":"D:\\Intership\\Project\\frontend\\client\\src\\components\\DashBoard\\webhooks\\FormWebHook.jsx","statementMap":{"0":{"start":{"line":2,"column":20},"end":{"line":40,"column":1}},"1":{"start":{"line":3,"column":2},"end":{"line":39,"column":3}},"2":{"start":{"line":41,"column":0},"end":{"line":45,"column":4}}},"fnMap":{"0":{"name":"(anonymous_0)","decl":{"start":{"line":2,"column":20},"end":{"line":2,"column":21}},"loc":{"start":{"line":2,"column":38},"end":{"line":40,"column":1}},"line":2}},"branchMap":{"0":{"loc":{"start":{"line":6,"column":24},"end":{"line":7,"column":157}},"type":"cond-expr","locations":[{"start":{"line":6,"column":37},"end":{"line":6,"column":178}},{"start":{"line":7,"column":20},"end":{"line":7,"column":157}}],"line":6},"1":{"loc":{"start":{"line":8,"column":24},"end":{"line":9,"column":59}},"type":"cond-expr","locations":[{"start":{"line":8,"column":37},"end":{"line":8,"column":88}},{"start":{"line":9,"column":8},"end":{"line":9,"column":59}}],"line":8},"2":{"loc":{"start":{"line":12,"column":48},"end":{"line":13,"column":135}},"type":"cond-expr","locations":[{"start":{"line":12,"column":62},"end":{"line":12,"column":190}},{"start":{"line":13,"column":10},"end":{"line":13,"column":135}}],"line":12},"3":{"loc":{"start":{"line":18,"column":53},"end":{"line":19,"column":135}},"type":"cond-expr","locations":[{"start":{"line":18,"column":67},"end":{"line":18,"column":195}},{"start":{"line":19,"column":10},"end":{"line":19,"column":135}}],"line":18},"4":{"loc":{"start":{"line":24,"column":50},"end":{"line":25,"column":135}},"type":"cond-expr","locations":[{"start":{"line":24,"column":64},"end":{"line":24,"column":192}},{"start":{"line":25,"column":10},"end":{"line":25,"column":135}}],"line":24},"5":{"loc":{"start":{"line":30,"column":49},"end":{"line":31,"column":135}},"type":"cond-expr","locations":[{"start":{"line":30,"column":63},"end":{"line":30,"column":191}},{"start":{"line":31,"column":10},"end":{"line":31,"column":135}}],"line":30}},"s":{"0":0,"1":0,"2":0},"f":{"0":0},"b":{"0":[0,0],"1":[0,0],"2":[0,0],"3":[0,0],"4":[0,0],"5":[0,0]}}
,"D:\\Intership\\Project\\frontend\\client\\src\\components\\DashBoard\\webhooks\\WebHookTable.jsx": {"path":"D:\\Intership\\Project\\frontend\\client\\src\\components\\DashBoard\\webhooks\\WebHookTable.jsx","statementMap":{"0":{"start":{"line":8,"column":21},"end":{"line":175,"column":1}},"1":{"start":{"line":10,"column":37},"end":{"line":10,"column":52}},"2":{"start":{"line":11,"column":14},"end":{"line":13,"column":2}},"3":{"start":{"line":14,"column":36},"end":{"line":14,"column":51}},"4":{"start":{"line":15,"column":39},"end":{"line":15,"column":54}},"5":{"start":{"line":16,"column":1},"end":{"line":29,"column":8}},"6":{"start":{"line":17,"column":24},"end":{"line":22,"column":3}},"7":{"start":{"line":18,"column":3},"end":{"line":21,"column":4}},"8":{"start":{"line":19,"column":4},"end":{"line":19,"column":25}},"9":{"start":{"line":20,"column":4},"end":{"line":20,"column":26}},"10":{"start":{"line":24,"column":2},"end":{"line":24,"column":52}},"11":{"start":{"line":26,"column":2},"end":{"line":28,"column":4}},"12":{"start":{"line":27,"column":3},"end":{"line":27,"column":56}},"13":{"start":{"line":31,"column":1},"end":{"line":174,"column":3}},"14":{"start":{"line":51,"column":21},"end":{"line":51,"column":40}},"15":{"start":{"line":71,"column":9},"end":{"line":106,"column":10}},"16":{"start":{"line":148,"column":22},"end":{"line":148,"column":41}}},"fnMap":{"0":{"name":"(anonymous_0)","decl":{"start":{"line":8,"column":21},"end":{"line":8,"column":22}},"loc":{"start":{"line":8,"column":39},"end":{"line":175,"column":1}},"line":8},"1":{"name":"(anonymous_1)","decl":{"start":{"line":16,"column":11},"end":{"line":16,"column":12}},"loc":{"start":{"line":16,"column":17},"end":{"line":29,"column":2}},"line":16},"2":{"name":"(anonymous_2)","decl":{"start":{"line":17,"column":24},"end":{"line":17,"column":25}},"loc":{"start":{"line":17,"column":31},"end":{"line":22,"column":3}},"line":17},"3":{"name":"(anonymous_3)","decl":{"start":{"line":26,"column":9},"end":{"line":26,"column":10}},"loc":{"start":{"line":26,"column":15},"end":{"line":28,"column":3}},"line":26},"4":{"name":"(anonymous_4)","decl":{"start":{"line":51,"column":15},"end":{"line":51,"column":16}},"loc":{"start":{"line":51,"column":21},"end":{"line":51,"column":40}},"line":51},"5":{"name":"(anonymous_5)","decl":{"start":{"line":70,"column":17},"end":{"line":70,"column":18}},"loc":{"start":{"line":70,"column":27},"end":{"line":107,"column":8}},"line":70},"6":{"name":"(anonymous_6)","decl":{"start":{"line":148,"column":16},"end":{"line":148,"column":17}},"loc":{"start":{"line":148,"column":22},"end":{"line":148,"column":41}},"line":148}},"branchMap":{"0":{"loc":{"start":{"line":18,"column":3},"end":{"line":21,"column":4}},"type":"if","locations":[{"start":{"line":18,"column":3},"end":{"line":21,"column":4}},{"start":{},"end":{}}],"line":18},"1":{"loc":{"start":{"line":34,"column":18},"end":{"line":35,"column":99}},"type":"cond-expr","locations":[{"start":{"line":34,"column":31},"end":{"line":34,"column":128}},{"start":{"line":35,"column":5},"end":{"line":35,"column":99}}],"line":34},"2":{"loc":{"start":{"line":41,"column":23},"end":{"line":41,"column":110}},"type":"cond-expr","locations":[{"start":{"line":41,"column":36},"end":{"line":41,"column":73}},{"start":{"line":41,"column":76},"end":{"line":41,"column":110}}],"line":41},"3":{"loc":{"start":{"line":46,"column":21},"end":{"line":46,"column":282}},"type":"cond-expr","locations":[{"start":{"line":46,"column":34},"end":{"line":46,"column":158}},{"start":{"line":46,"column":161},"end":{"line":46,"column":282}}],"line":46},"4":{"loc":{"start":{"line":48,"column":28},"end":{"line":48,"column":119}},"type":"cond-expr","locations":[{"start":{"line":48,"column":41},"end":{"line":48,"column":80}},{"start":{"line":48,"column":83},"end":{"line":48,"column":119}}],"line":48},"5":{"loc":{"start":{"line":69,"column":9},"end":{"line":109,"column":8}},"type":"cond-expr","locations":[{"start":{"line":70,"column":8},"end":{"line":107,"column":9}},{"start":{"line":108,"column":8},"end":{"line":108,"column":22}}],"line":69},"6":{"loc":{"start":{"line":88,"column":31},"end":{"line":88,"column":113}},"type":"cond-expr","locations":[{"start":{"line":88,"column":44},"end":{"line":88,"column":79}},{"start":{"line":88,"column":81},"end":{"line":88,"column":113}}],"line":88},"7":{"loc":{"start":{"line":93,"column":29},"end":{"line":93,"column":87}},"type":"cond-expr","locations":[{"start":{"line":93,"column":42},"end":{"line":93,"column":65}},{"start":{"line":93,"column":67},"end":{"line":93,"column":87}}],"line":93},"8":{"loc":{"start":{"line":96,"column":29},"end":{"line":96,"column":87}},"type":"cond-expr","locations":[{"start":{"line":96,"column":42},"end":{"line":96,"column":65}},{"start":{"line":96,"column":67},"end":{"line":96,"column":87}}],"line":96},"9":{"loc":{"start":{"line":99,"column":29},"end":{"line":99,"column":87}},"type":"cond-expr","locations":[{"start":{"line":99,"column":42},"end":{"line":99,"column":65}},{"start":{"line":99,"column":67},"end":{"line":99,"column":87}}],"line":99},"10":{"loc":{"start":{"line":116,"column":4},"end":{"line":118,"column":5}},"type":"binary-expr","locations":[{"start":{"line":116,"column":4},"end":{"line":116,"column":15}},{"start":{"line":117,"column":5},"end":{"line":117,"column":44}}],"line":116},"11":{"loc":{"start":{"line":120,"column":4},"end":{"line":155,"column":4}},"type":"binary-expr","locations":[{"start":{"line":120,"column":4},"end":{"line":120,"column":13}},{"start":{"line":121,"column":4},"end":{"line":154,"column":7}}],"line":120},"12":{"loc":{"start":{"line":157,"column":4},"end":{"line":159,"column":4}},"type":"binary-expr","locations":[{"start":{"line":157,"column":4},"end":{"line":157,"column":14}},{"start":{"line":158,"column":5},"end":{"line":158,"column":44}}],"line":157}},"s":{"0":0,"1":0,"2":0,"3":0,"4":0,"5":0,"6":0,"7":0,"8":0,"9":0,"10":0,"11":0,"12":0,"13":0,"14":0,"15":0,"16":0},"f":{"0":0,"1":0,"2":0,"3":0,"4":0,"5":0,"6":0},"b":{"0":[0,0],"1":[0,0],"2":[0,0],"3":[0,0],"4":[0,0],"5":[0,0],"6":[0,0],"7":[0,0],"8":[0,0],"9":[0,0],"10":[0,0],"11":[0,0],"12":[0,0]}}
,"D:\\Intership\\Project\\frontend\\client\\src\\components\\LandingPageComponent\\About.jsx": {"path":"D:\\Intership\\Project\\frontend\\client\\src\\components\\LandingPageComponent\\About.jsx","statementMap":{"0":{"start":{"line":7,"column":14},"end":{"line":78,"column":1}},"1":{"start":{"line":8,"column":2},"end":{"line":77,"column":3}}},"fnMap":{"0":{"name":"(anonymous_0)","decl":{"start":{"line":7,"column":14},"end":{"line":7,"column":15}},"loc":{"start":{"line":7,"column":20},"end":{"line":78,"column":1}},"line":7}},"branchMap":{},"s":{"0":0,"1":0},"f":{"0":0},"b":{}}
,"D:\\Intership\\Project\\frontend\\client\\src\\components\\LandingPageComponent\\Home.jsx": {"path":"D:\\Intership\\Project\\frontend\\client\\src\\components\\LandingPageComponent\\Home.jsx","statementMap":{"0":{"start":{"line":6,"column":13},"end":{"line":60,"column":1}},"1":{"start":{"line":7,"column":2},"end":{"line":59,"column":3}}},"fnMap":{"0":{"name":"(anonymous_0)","decl":{"start":{"line":6,"column":13},"end":{"line":6,"column":14}},"loc":{"start":{"line":6,"column":19},"end":{"line":60,"column":1}},"line":6}},"branchMap":{},"s":{"0":0,"1":0},"f":{"0":0},"b":{}}
,"D:\\Intership\\Project\\frontend\\client\\src\\components\\LandingPageComponent\\MyFooter.jsx": {"path":"D:\\Intership\\Project\\frontend\\client\\src\\components\\LandingPageComponent\\MyFooter.jsx","statementMap":{"0":{"start":{"line":5,"column":17},"end":{"line":59,"column":1}},"1":{"start":{"line":6,"column":2},"end":{"line":58,"column":3}}},"fnMap":{"0":{"name":"(anonymous_0)","decl":{"start":{"line":5,"column":17},"end":{"line":5,"column":18}},"loc":{"start":{"line":5,"column":23},"end":{"line":59,"column":1}},"line":5}},"branchMap":{},"s":{"0":0,"1":0},"f":{"0":0},"b":{}}
,"D:\\Intership\\Project\\frontend\\client\\src\\components\\LandingPageComponent\\Navbar.jsx": {"path":"D:\\Intership\\Project\\frontend\\client\\src\\components\\LandingPageComponent\\Navbar.jsx","statementMap":{"0":{"start":{"line":6,"column":15},"end":{"line":94,"column":1}},"1":{"start":{"line":7,"column":38},"end":{"line":7,"column":53}},"2":{"start":{"line":8,"column":34},"end":{"line":8,"column":49}},"3":{"start":{"line":10,"column":21},"end":{"line":12,"column":3}},"4":{"start":{"line":11,"column":4},"end":{"line":11,"column":31}},"5":{"start":{"line":13,"column":2},"end":{"line":25,"column":5}},"6":{"start":{"line":14,"column":25},"end":{"line":20,"column":5}},"7":{"start":{"line":15,"column":8},"end":{"line":19,"column":9}},"8":{"start":{"line":16,"column":12},"end":{"line":16,"column":30}},"9":{"start":{"line":18,"column":12},"end":{"line":18,"column":31}},"10":{"start":{"line":21,"column":4},"end":{"line":21,"column":52}},"11":{"start":{"line":22,"column":4},"end":{"line":24,"column":5}},"12":{"start":{"line":23,"column":8},"end":{"line":23,"column":56}},"13":{"start":{"line":27,"column":19},"end":{"line":34,"column":3}},"14":{"start":{"line":36,"column":2},"end":{"line":93,"column":6}},"15":{"start":{"line":48,"column":28},"end":{"line":55,"column":41}},"16":{"start":{"line":80,"column":28},"end":{"line":87,"column":41}}},"fnMap":{"0":{"name":"(anonymous_0)","decl":{"start":{"line":6,"column":15},"end":{"line":6,"column":16}},"loc":{"start":{"line":6,"column":21},"end":{"line":94,"column":1}},"line":6},"1":{"name":"(anonymous_1)","decl":{"start":{"line":10,"column":21},"end":{"line":10,"column":22}},"loc":{"start":{"line":10,"column":27},"end":{"line":12,"column":3}},"line":10},"2":{"name":"(anonymous_2)","decl":{"start":{"line":13,"column":12},"end":{"line":13,"column":13}},"loc":{"start":{"line":13,"column":18},"end":{"line":25,"column":3}},"line":13},"3":{"name":"(anonymous_3)","decl":{"start":{"line":14,"column":25},"end":{"line":14,"column":26}},"loc":{"start":{"line":14,"column":31},"end":{"line":20,"column":5}},"line":14},"4":{"name":"(anonymous_4)","decl":{"start":{"line":22,"column":11},"end":{"line":22,"column":12}},"loc":{"start":{"line":22,"column":17},"end":{"line":24,"column":5}},"line":22},"5":{"name":"(anonymous_5)","decl":{"start":{"line":47,"column":37},"end":{"line":47,"column":38}},"loc":{"start":{"line":48,"column":28},"end":{"line":55,"column":41}},"line":48},"6":{"name":"(anonymous_6)","decl":{"start":{"line":79,"column":37},"end":{"line":79,"column":38}},"loc":{"start":{"line":80,"column":28},"end":{"line":87,"column":41}},"line":80}},"branchMap":{"0":{"loc":{"start":{"line":15,"column":8},"end":{"line":19,"column":9}},"type":"if","locations":[{"start":{"line":15,"column":8},"end":{"line":19,"column":9}},{"start":{"line":17,"column":13},"end":{"line":19,"column":9}}],"line":15},"1":{"loc":{"start":{"line":38,"column":46},"end":{"line":38,"column":120}},"type":"cond-expr","locations":[{"start":{"line":38,"column":57},"end":{"line":38,"column":115}},{"start":{"line":38,"column":118},"end":{"line":38,"column":120}}],"line":38},"2":{"loc":{"start":{"line":70,"column":28},"end":{"line":70,"column":107}},"type":"cond-expr","locations":[{"start":{"line":70,"column":42},"end":{"line":70,"column":72}},{"start":{"line":70,"column":77},"end":{"line":70,"column":106}}],"line":70},"3":{"loc":{"start":{"line":77,"column":73},"end":{"line":77,"column":131}},"type":"cond-expr","locations":[{"start":{"line":77,"column":86},"end":{"line":77,"column":120}},{"start":{"line":77,"column":123},"end":{"line":77,"column":131}}],"line":77}},"s":{"0":0,"1":0,"2":0,"3":0,"4":0,"5":0,"6":0,"7":0,"8":0,"9":0,"10":0,"11":0,"12":0,"13":0,"14":0,"15":0,"16":0},"f":{"0":0,"1":0,"2":0,"3":0,"4":0,"5":0,"6":0},"b":{"0":[0,0],"1":[0,0],"2":[0,0],"3":[0,0]}}
,"D:\\Intership\\Project\\frontend\\client\\src\\components\\LandingPageComponent\\Newsletter.jsx": {"path":"D:\\Intership\\Project\\frontend\\client\\src\\components\\LandingPageComponent\\Newsletter.jsx","statementMap":{"0":{"start":{"line":3,"column":19},"end":{"line":18,"column":1}},"1":{"start":{"line":4,"column":2},"end":{"line":17,"column":3}}},"fnMap":{"0":{"name":"(anonymous_0)","decl":{"start":{"line":3,"column":19},"end":{"line":3,"column":20}},"loc":{"start":{"line":3,"column":25},"end":{"line":18,"column":1}},"line":3}},"branchMap":{},"s":{"0":0,"1":0},"f":{"0":0},"b":{}}
,"D:\\Intership\\Project\\frontend\\client\\src\\components\\LandingPageComponent\\Product.jsx": {"path":"D:\\Intership\\Project\\frontend\\client\\src\\components\\LandingPageComponent\\Product.jsx","statementMap":{"0":{"start":{"line":3,"column":16},"end":{"line":26,"column":1}},"1":{"start":{"line":4,"column":2},"end":{"line":25,"column":3}}},"fnMap":{"0":{"name":"(anonymous_0)","decl":{"start":{"line":3,"column":16},"end":{"line":3,"column":17}},"loc":{"start":{"line":3,"column":22},"end":{"line":26,"column":1}},"line":3}},"branchMap":{},"s":{"0":0,"1":0},"f":{"0":0},"b":{}}
,"D:\\Intership\\Project\\frontend\\client\\src\\components\\LandingPageComponent\\Services.jsx": {"path":"D:\\Intership\\Project\\frontend\\client\\src\\components\\LandingPageComponent\\Services.jsx","statementMap":{"0":{"start":{"line":3,"column":17},"end":{"line":45,"column":1}},"1":{"start":{"line":4,"column":21},"end":{"line":8,"column":5}},"2":{"start":{"line":9,"column":2},"end":{"line":44,"column":3}},"3":{"start":{"line":31,"column":40},"end":{"line":40,"column":22}}},"fnMap":{"0":{"name":"(anonymous_0)","decl":{"start":{"line":3,"column":17},"end":{"line":3,"column":18}},"loc":{"start":{"line":3,"column":23},"end":{"line":45,"column":1}},"line":3},"1":{"name":"(anonymous_1)","decl":{"start":{"line":31,"column":29},"end":{"line":31,"column":30}},"loc":{"start":{"line":31,"column":40},"end":{"line":40,"column":22}},"line":31}},"branchMap":{},"s":{"0":0,"1":0,"2":0,"3":0},"f":{"0":0,"1":0},"b":{}}
,"D:\\Intership\\Project\\frontend\\client\\src\\pages\\Auth\\ForgotPassword.jsx": {"path":"D:\\Intership\\Project\\frontend\\client\\src\\pages\\Auth\\ForgotPassword.jsx","statementMap":{"0":{"start":{"line":7,"column":23},"end":{"line":90,"column":1}},"1":{"start":{"line":8,"column":28},"end":{"line":8,"column":40}},"2":{"start":{"line":10,"column":19},"end":{"line":10,"column":32}},"3":{"start":{"line":11,"column":19},"end":{"line":11,"column":32}},"4":{"start":{"line":13,"column":41},"end":{"line":13,"column":75}},"5":{"start":{"line":13,"column":64},"end":{"line":13,"column":74}},"6":{"start":{"line":16,"column":2},"end":{"line":26,"column":56}},"7":{"start":{"line":17,"column":4},"end":{"line":24,"column":5}},"8":{"start":{"line":18,"column":6},"end":{"line":18,"column":27}},"9":{"start":{"line":19,"column":11},"end":{"line":24,"column":5}},"10":{"start":{"line":20,"column":6},"end":{"line":20,"column":29}},"11":{"start":{"line":21,"column":6},"end":{"line":23,"column":15}},"12":{"start":{"line":22,"column":8},"end":{"line":22,"column":27}},"13":{"start":{"line":25,"column":4},"end":{"line":25,"column":22}},"14":{"start":{"line":28,"column":16},"end":{"line":38,"column":3}},"15":{"start":{"line":39,"column":23},"end":{"line":42,"column":3}},"16":{"start":{"line":40,"column":4},"end":{"line":40,"column":23}},"17":{"start":{"line":41,"column":4},"end":{"line":41,"column":38}},"18":{"start":{"line":43,"column":2},"end":{"line":89,"column":3}},"19":{"start":{"line":72,"column":22},"end":{"line":78,"column":24}},"20":{"start":{"line":76,"column":43},"end":{"line":76,"column":67}}},"fnMap":{"0":{"name":"(anonymous_0)","decl":{"start":{"line":7,"column":23},"end":{"line":7,"column":24}},"loc":{"start":{"line":7,"column":29},"end":{"line":90,"column":1}},"line":7},"1":{"name":"(anonymous_1)","decl":{"start":{"line":13,"column":53},"end":{"line":13,"column":54}},"loc":{"start":{"line":13,"column":64},"end":{"line":13,"column":74}},"line":13},"2":{"name":"(anonymous_2)","decl":{"start":{"line":16,"column":12},"end":{"line":16,"column":13}},"loc":{"start":{"line":16,"column":18},"end":{"line":26,"column":3}},"line":16},"3":{"name":"(anonymous_3)","decl":{"start":{"line":21,"column":17},"end":{"line":21,"column":18}},"loc":{"start":{"line":21,"column":23},"end":{"line":23,"column":7}},"line":21},"4":{"name":"(anonymous_4)","decl":{"start":{"line":39,"column":23},"end":{"line":39,"column":24}},"loc":{"start":{"line":39,"column":30},"end":{"line":42,"column":3}},"line":39},"5":{"name":"(anonymous_5)","decl":{"start":{"line":71,"column":31},"end":{"line":71,"column":32}},"loc":{"start":{"line":72,"column":22},"end":{"line":78,"column":24}},"line":72},"6":{"name":"(anonymous_6)","decl":{"start":{"line":76,"column":36},"end":{"line":76,"column":37}},"loc":{"start":{"line":76,"column":43},"end":{"line":76,"column":67}},"line":76}},"branchMap":{"0":{"loc":{"start":{"line":17,"column":4},"end":{"line":24,"column":5}},"type":"if","locations":[{"start":{"line":17,"column":4},"end":{"line":24,"column":5}},{"start":{"line":19,"column":11},"end":{"line":24,"column":5}}],"line":17},"1":{"loc":{"start":{"line":19,"column":11},"end":{"line":24,"column":5}},"type":"if","locations":[{"start":{"line":19,"column":11},"end":{"line":24,"column":5}},{"start":{},"end":{}}],"line":19}},"s":{"0":0,"1":0,"2":0,"3":0,"4":0,"5":0,"6":0,"7":0,"8":0,"9":0,"10":0,"11":0,"12":0,"13":0,"14":0,"15":0,"16":0,"17":0,"18":0,"19":0,"20":0},"f":{"0":0,"1":0,"2":0,"3":0,"4":0,"5":0,"6":0},"b":{"0":[0,0],"1":[0,0]}}
,"D:\\Intership\\Project\\frontend\\client\\src\\pages\\Auth\\FormInput.jsx": {"path":"D:\\Intership\\Project\\frontend\\client\\src\\pages\\Auth\\FormInput.jsx","statementMap":{"0":{"start":{"line":4,"column":18},"end":{"line":23,"column":1}},"1":{"start":{"line":5,"column":39},"end":{"line":5,"column":44}},"2":{"start":{"line":6,"column":34},"end":{"line":6,"column":49}},"3":{"start":{"line":7,"column":24},"end":{"line":7,"column":46}},"4":{"start":{"line":7,"column":30},"end":{"line":7,"column":46}},"5":{"start":{"line":8,"column":2},"end":{"line":22,"column":3}}},"fnMap":{"0":{"name":"(anonymous_0)","decl":{"start":{"line":4,"column":18},"end":{"line":4,"column":19}},"loc":{"start":{"line":4,"column":29},"end":{"line":23,"column":1}},"line":4},"1":{"name":"(anonymous_1)","decl":{"start":{"line":7,"column":24},"end":{"line":7,"column":25}},"loc":{"start":{"line":7,"column":30},"end":{"line":7,"column":46}},"line":7}},"branchMap":{},"s":{"0":0,"1":0,"2":0,"3":0,"4":0,"5":0},"f":{"0":0,"1":0},"b":{}}
,"D:\\Intership\\Project\\frontend\\client\\src\\pages\\Auth\\Login.jsx": {"path":"D:\\Intership\\Project\\frontend\\client\\src\\pages\\Auth\\Login.jsx","statementMap":{"0":{"start":{"line":13,"column":14},"end":{"line":166,"column":1}},"1":{"start":{"line":14,"column":30},"end":{"line":17,"column":4}},"2":{"start":{"line":18,"column":33},"end":{"line":18,"column":39}},"3":{"start":{"line":19,"column":38},"end":{"line":19,"column":50}},"4":{"start":{"line":20,"column":19},"end":{"line":20,"column":32}},"5":{"start":{"line":21,"column":19},"end":{"line":21,"column":32}},"6":{"start":{"line":22,"column":37},"end":{"line":22,"column":52}},"7":{"start":{"line":24,"column":59},"end":{"line":26,"column":3}},"8":{"start":{"line":25,"column":15},"end":{"line":25,"column":25}},"9":{"start":{"line":27,"column":2},"end":{"line":45,"column":45}},"10":{"start":{"line":28,"column":4},"end":{"line":43,"column":5}},"11":{"start":{"line":29,"column":6},"end":{"line":29,"column":27}},"12":{"start":{"line":30,"column":11},"end":{"line":43,"column":5}},"13":{"start":{"line":31,"column":6},"end":{"line":31,"column":45}},"14":{"start":{"line":33,"column":7},"end":{"line":36,"column":15}},"15":{"start":{"line":34,"column":8},"end":{"line":34,"column":50}},"16":{"start":{"line":35,"column":8},"end":{"line":35,"column":48}},"17":{"start":{"line":37,"column":6},"end":{"line":37,"column":21}},"18":{"start":{"line":39,"column":11},"end":{"line":43,"column":5}},"19":{"start":{"line":40,"column":6},"end":{"line":40,"column":46}},"20":{"start":{"line":42,"column":6},"end":{"line":42,"column":29}},"21":{"start":{"line":44,"column":4},"end":{"line":44,"column":22}},"22":{"start":{"line":47,"column":32},"end":{"line":54,"column":3}},"23":{"start":{"line":47,"column":42},"end":{"line":54,"column":3}},"24":{"start":{"line":48,"column":4},"end":{"line":48,"column":23}},"25":{"start":{"line":49,"column":4},"end":{"line":49,"column":23}},"26":{"start":{"line":50,"column":4},"end":{"line":52,"column":13}},"27":{"start":{"line":51,"column":6},"end":{"line":51,"column":21}},"28":{"start":{"line":53,"column":4},"end":{"line":53,"column":31}},"29":{"start":{"line":53,"column":17},"end":{"line":53,"column":31}},"30":{"start":{"line":56,"column":28},"end":{"line":56,"column":60}},"31":{"start":{"line":57,"column":36},"end":{"line":57,"column":76}},"32":{"start":{"line":58,"column":26},"end":{"line":58,"column":52}},"33":{"start":{"line":61,"column":2},"end":{"line":67,"column":3}},"34":{"start":{"line":62,"column":4},"end":{"line":66,"column":5}},"35":{"start":{"line":69,"column":16},"end":{"line":89,"column":3}},"36":{"start":{"line":91,"column":23},"end":{"line":98,"column":3}},"37":{"start":{"line":92,"column":4},"end":{"line":92,"column":23}},"38":{"start":{"line":93,"column":21},"end":{"line":96,"column":5}},"39":{"start":{"line":97,"column":4},"end":{"line":97,"column":30}},"40":{"start":{"line":99,"column":19},"end":{"line":104,"column":3}},"41":{"start":{"line":100,"column":4},"end":{"line":103,"column":8}},"42":{"start":{"line":100,"column":30},"end":{"line":103,"column":5}},"43":{"start":{"line":105,"column":2},"end":{"line":165,"column":3}},"44":{"start":{"line":129,"column":14},"end":{"line":133,"column":16}}},"fnMap":{"0":{"name":"(anonymous_0)","decl":{"start":{"line":13,"column":14},"end":{"line":13,"column":15}},"loc":{"start":{"line":13,"column":20},"end":{"line":166,"column":1}},"line":13},"1":{"name":"(anonymous_1)","decl":{"start":{"line":25,"column":4},"end":{"line":25,"column":5}},"loc":{"start":{"line":25,"column":15},"end":{"line":25,"column":25}},"line":25},"2":{"name":"(anonymous_2)","decl":{"start":{"line":27,"column":12},"end":{"line":27,"column":13}},"loc":{"start":{"line":27,"column":18},"end":{"line":45,"column":3}},"line":27},"3":{"name":"(anonymous_3)","decl":{"start":{"line":33,"column":18},"end":{"line":33,"column":19}},"loc":{"start":{"line":33,"column":24},"end":{"line":36,"column":7}},"line":33},"4":{"name":"(anonymous_4)","decl":{"start":{"line":47,"column":32},"end":{"line":47,"column":33}},"loc":{"start":{"line":47,"column":42},"end":{"line":54,"column":3}},"line":47},"5":{"name":"(anonymous_5)","decl":{"start":{"line":47,"column":42},"end":{"line":47,"column":43}},"loc":{"start":{"line":47,"column":49},"end":{"line":54,"column":3}},"line":47},"6":{"name":"(anonymous_6)","decl":{"start":{"line":50,"column":15},"end":{"line":50,"column":16}},"loc":{"start":{"line":50,"column":21},"end":{"line":52,"column":5}},"line":50},"7":{"name":"(anonymous_7)","decl":{"start":{"line":53,"column":11},"end":{"line":53,"column":12}},"loc":{"start":{"line":53,"column":17},"end":{"line":53,"column":31}},"line":53},"8":{"name":"(anonymous_8)","decl":{"start":{"line":91,"column":23},"end":{"line":91,"column":24}},"loc":{"start":{"line":91,"column":30},"end":{"line":98,"column":3}},"line":91},"9":{"name":"(anonymous_9)","decl":{"start":{"line":99,"column":19},"end":{"line":99,"column":20}},"loc":{"start":{"line":99,"column":26},"end":{"line":104,"column":3}},"line":99},"10":{"name":"(anonymous_10)","decl":{"start":{"line":100,"column":14},"end":{"line":100,"column":15}},"loc":{"start":{"line":100,"column":30},"end":{"line":103,"column":5}},"line":100},"11":{"name":"(anonymous_11)","decl":{"start":{"line":128,"column":23},"end":{"line":128,"column":24}},"loc":{"start":{"line":129,"column":14},"end":{"line":133,"column":16}},"line":129}},"branchMap":{"0":{"loc":{"start":{"line":28,"column":4},"end":{"line":43,"column":5}},"type":"if","locations":[{"start":{"line":28,"column":4},"end":{"line":43,"column":5}},{"start":{"line":30,"column":11},"end":{"line":43,"column":5}}],"line":28},"1":{"loc":{"start":{"line":30,"column":11},"end":{"line":43,"column":5}},"type":"if","locations":[{"start":{"line":30,"column":11},"end":{"line":43,"column":5}},{"start":{"line":39,"column":11},"end":{"line":43,"column":5}}],"line":30},"2":{"loc":{"start":{"line":39,"column":11},"end":{"line":43,"column":5}},"type":"if","locations":[{"start":{"line":39,"column":11},"end":{"line":43,"column":5}},{"start":{},"end":{}}],"line":39},"3":{"loc":{"start":{"line":61,"column":2},"end":{"line":67,"column":3}},"type":"if","locations":[{"start":{"line":61,"column":2},"end":{"line":67,"column":3}},{"start":{},"end":{}}],"line":61}},"s":{"0":0,"1":0,"2":0,"3":0,"4":0,"5":0,"6":0,"7":0,"8":0,"9":0,"10":0,"11":0,"12":0,"13":0,"14":0,"15":0,"16":0,"17":0,"18":0,"19":0,"20":0,"21":0,"22":0,"23":0,"24":0,"25":0,"26":0,"27":0,"28":0,"29":0,"30":0,"31":0,"32":0,"33":0,"34":0,"35":0,"36":0,"37":0,"38":0,"39":0,"40":0,"41":0,"42":0,"43":0,"44":0},"f":{"0":0,"1":0,"2":0,"3":0,"4":0,"5":0,"6":0,"7":0,"8":0,"9":0,"10":0,"11":0},"b":{"0":[0,0],"1":[0,0],"2":[0,0],"3":[0,0]}}
,"D:\\Intership\\Project\\frontend\\client\\src\\pages\\Auth\\PrivateRoute.jsx": {"path":"D:\\Intership\\Project\\frontend\\client\\src\\pages\\Auth\\PrivateRoute.jsx","statementMap":{"0":{"start":{"line":5,"column":21},"end":{"line":16,"column":1}},"1":{"start":{"line":6,"column":24},"end":{"line":6,"column":56}},"2":{"start":{"line":6,"column":45},"end":{"line":6,"column":55}},"3":{"start":{"line":7,"column":26},"end":{"line":7,"column":59}},"4":{"start":{"line":10,"column":2},"end":{"line":12,"column":3}},"5":{"start":{"line":11,"column":4},"end":{"line":11,"column":36}},"6":{"start":{"line":15,"column":2},"end":{"line":15,"column":18}}},"fnMap":{"0":{"name":"(anonymous_0)","decl":{"start":{"line":5,"column":21},"end":{"line":5,"column":22}},"loc":{"start":{"line":5,"column":39},"end":{"line":16,"column":1}},"line":5},"1":{"name":"(anonymous_1)","decl":{"start":{"line":6,"column":36},"end":{"line":6,"column":37}},"loc":{"start":{"line":6,"column":45},"end":{"line":6,"column":55}},"line":6}},"branchMap":{"0":{"loc":{"start":{"line":10,"column":2},"end":{"line":12,"column":3}},"type":"if","locations":[{"start":{"line":10,"column":2},"end":{"line":12,"column":3}},{"start":{},"end":{}}],"line":10},"1":{"loc":{"start":{"line":10,"column":6},"end":{"line":10,"column":36}},"type":"binary-expr","locations":[{"start":{"line":10,"column":6},"end":{"line":10,"column":16}},{"start":{"line":10,"column":20},"end":{"line":10,"column":36}}],"line":10}},"s":{"0":0,"1":0,"2":0,"3":0,"4":0,"5":0,"6":0},"f":{"0":0,"1":0},"b":{"0":[0,0],"1":[0,0]}}
,"D:\\Intership\\Project\\frontend\\client\\src\\pages\\Auth\\ResetPassword.jsx": {"path":"D:\\Intership\\Project\\frontend\\client\\src\\pages\\Auth\\ResetPassword.jsx","statementMap":{"0":{"start":{"line":9,"column":22},"end":{"line":115,"column":1}},"1":{"start":{"line":10,"column":30},"end":{"line":13,"column":4}},"2":{"start":{"line":15,"column":21},"end":{"line":15,"column":27}},"3":{"start":{"line":17,"column":19},"end":{"line":17,"column":32}},"4":{"start":{"line":18,"column":19},"end":{"line":18,"column":32}},"5":{"start":{"line":19,"column":19},"end":{"line":19,"column":32}},"6":{"start":{"line":20,"column":21},"end":{"line":20,"column":52}},"7":{"start":{"line":22,"column":42},"end":{"line":22,"column":76}},"8":{"start":{"line":22,"column":65},"end":{"line":22,"column":75}},"9":{"start":{"line":23,"column":2},"end":{"line":33,"column":56}},"10":{"start":{"line":24,"column":4},"end":{"line":31,"column":5}},"11":{"start":{"line":25,"column":6},"end":{"line":25,"column":27}},"12":{"start":{"line":26,"column":11},"end":{"line":31,"column":5}},"13":{"start":{"line":27,"column":6},"end":{"line":27,"column":29}},"14":{"start":{"line":28,"column":6},"end":{"line":30,"column":15}},"15":{"start":{"line":29,"column":8},"end":{"line":29,"column":27}},"16":{"start":{"line":32,"column":4},"end":{"line":32,"column":22}},"17":{"start":{"line":35,"column":17},"end":{"line":56,"column":3}},"18":{"start":{"line":58,"column":23},"end":{"line":61,"column":3}},"19":{"start":{"line":59,"column":4},"end":{"line":59,"column":23}},"20":{"start":{"line":60,"column":4},"end":{"line":60,"column":54}},"21":{"start":{"line":63,"column":19},"end":{"line":68,"column":3}},"22":{"start":{"line":64,"column":4},"end":{"line":67,"column":8}},"23":{"start":{"line":64,"column":30},"end":{"line":67,"column":5}},"24":{"start":{"line":69,"column":2},"end":{"line":114,"column":3}},"25":{"start":{"line":97,"column":22},"end":{"line":103,"column":24}}},"fnMap":{"0":{"name":"(anonymous_0)","decl":{"start":{"line":9,"column":22},"end":{"line":9,"column":23}},"loc":{"start":{"line":9,"column":28},"end":{"line":115,"column":1}},"line":9},"1":{"name":"(anonymous_1)","decl":{"start":{"line":22,"column":54},"end":{"line":22,"column":55}},"loc":{"start":{"line":22,"column":65},"end":{"line":22,"column":75}},"line":22},"2":{"name":"(anonymous_2)","decl":{"start":{"line":23,"column":12},"end":{"line":23,"column":13}},"loc":{"start":{"line":23,"column":18},"end":{"line":33,"column":3}},"line":23},"3":{"name":"(anonymous_3)","decl":{"start":{"line":28,"column":17},"end":{"line":28,"column":18}},"loc":{"start":{"line":28,"column":23},"end":{"line":30,"column":7}},"line":28},"4":{"name":"(anonymous_4)","decl":{"start":{"line":58,"column":23},"end":{"line":58,"column":24}},"loc":{"start":{"line":58,"column":30},"end":{"line":61,"column":3}},"line":58},"5":{"name":"(anonymous_5)","decl":{"start":{"line":63,"column":19},"end":{"line":63,"column":20}},"loc":{"start":{"line":63,"column":26},"end":{"line":68,"column":3}},"line":63},"6":{"name":"(anonymous_6)","decl":{"start":{"line":64,"column":14},"end":{"line":64,"column":15}},"loc":{"start":{"line":64,"column":30},"end":{"line":67,"column":5}},"line":64},"7":{"name":"(anonymous_7)","decl":{"start":{"line":96,"column":32},"end":{"line":96,"column":33}},"loc":{"start":{"line":97,"column":22},"end":{"line":103,"column":24}},"line":97}},"branchMap":{"0":{"loc":{"start":{"line":24,"column":4},"end":{"line":31,"column":5}},"type":"if","locations":[{"start":{"line":24,"column":4},"end":{"line":31,"column":5}},{"start":{"line":26,"column":11},"end":{"line":31,"column":5}}],"line":24},"1":{"loc":{"start":{"line":26,"column":11},"end":{"line":31,"column":5}},"type":"if","locations":[{"start":{"line":26,"column":11},"end":{"line":31,"column":5}},{"start":{},"end":{}}],"line":26}},"s":{"0":0,"1":0,"2":0,"3":0,"4":0,"5":0,"6":0,"7":0,"8":0,"9":0,"10":0,"11":0,"12":0,"13":0,"14":0,"15":0,"16":0,"17":0,"18":0,"19":0,"20":0,"21":0,"22":0,"23":0,"24":0,"25":0},"f":{"0":0,"1":0,"2":0,"3":0,"4":0,"5":0,"6":0,"7":0},"b":{"0":[0,0],"1":[0,0]}}
[...]
,"D:\\Intership\\Project\\frontend\\client\\src\\pages\\DashBoard\\pages\\ApplicationPage.jsx": {"path":"D:\\Intership\\Project\\frontend\\client\\src\\pages\\DashBoard\\pages\\ApplicationPage.jsx","statementMap":{"0":{"start":{"line":5,"column":24},"end":{"line":16,"column":1}},"1":{"start":{"line":6,"column":40},"end":{"line":6,"column":58}},"2":{"start":{"line":7,"column":2},"end":{"line":15,"column":3}}},"fnMap":{"0":{"name":"(anonymous_0)","decl":{"start":{"line":5,"column":24},"end":{"line":5,"column":25}},"loc":{"start":{"line":5,"column":30},"end":{"line":16,"column":1}},"line":5}},"branchMap":{},"s":{"0":0,"1":0,"2":0},"f":{"0":0},"b":{}}
,"D:\\Intership\\Project\\frontend\\client\\src\\pages\\DashBoard\\pages\\LogsPage.jsx": {"path":"D:\\Intership\\Project\\frontend\\client\\src\\pages\\DashBoard\\pages\\LogsPage.jsx","statementMap":{"0":{"start":{"line":4,"column":17},"end":{"line":15,"column":1}},"1":{"start":{"line":5,"column":42},"end":{"line":5,"column":60}},"2":{"start":{"line":6,"column":4},"end":{"line":14,"column":5}}},"fnMap":{"0":{"name":"(anonymous_0)","decl":{"start":{"line":4,"column":17},"end":{"line":4,"column":18}},"loc":{"start":{"line":4,"column":23},"end":{"line":15,"column":1}},"line":4}},"branchMap":{},"s":{"0":0,"1":0,"2":0},"f":{"0":0},"b":{}}
,"D:\\Intership\\Project\\frontend\\client\\src\\pages\\DashBoard\\pages\\OverviewPage.jsx": {"path":"D:\\Intership\\Project\\frontend\\client\\src\\pages\\DashBoard\\pages\\OverviewPage.jsx","statementMap":{"0":{"start":{"line":10,"column":21},"end":{"line":42,"column":1}},"1":{"start":{"line":11,"column":40},"end":{"line":11,"column":58}},"2":{"start":{"line":12,"column":2},"end":{"line":41,"column":3}}},"fnMap":{"0":{"name":"(anonymous_0)","decl":{"start":{"line":10,"column":21},"end":{"line":10,"column":22}},"loc":{"start":{"line":10,"column":27},"end":{"line":42,"column":1}},"line":10}},"branchMap":{},"s":{"0":0,"1":0,"2":0},"f":{"0":0},"b":{}}
,"D:\\Intership\\Project\\frontend\\client\\src\\pages\\DashBoard\\pages\\SettingPage.jsx": {"path":"D:\\Intership\\Project\\frontend\\client\\src\\pages\\DashBoard\\pages\\SettingPage.jsx","statementMap":{"0":{"start":{"line":8,"column":21},"end":{"line":22,"column":1}},"1":{"start":{"line":9,"column":40},"end":{"line":9,"column":58}},"2":{"start":{"line":10,"column":1},"end":{"line":21,"column":3}}},"fnMap":{"0":{"name":"(anonymous_0)","decl":{"start":{"line":8,"column":21},"end":{"line":8,"column":22}},"loc":{"start":{"line":8,"column":27},"end":{"line":22,"column":1}},"line":8}},"branchMap":{},"s":{"0":0,"1":0,"2":0},"f":{"0":0},"b":{}}
,"D:\\Intership\\Project\\frontend\\client\\src\\pages\\DashBoard\\pages\\UserPage.jsx": {"path":"D:\\Intership\\Project\\frontend\\client\\src\\pages\\DashBoard\\pages\\UserPage.jsx","statementMap":{"0":{"start":{"line":5,"column":17},"end":{"line":16,"column":1}},"1":{"start":{"line":6,"column":42},"end":{"line":6,"column":60}},"2":{"start":{"line":7,"column":4},"end":{"line":15,"column":5}}},"fnMap":{"0":{"name":"(anonymous_0)","decl":{"start":{"line":5,"column":17},"end":{"line":5,"column":18}},"loc":{"start":{"line":5,"column":23},"end":{"line":16,"column":1}},"line":5}},"branchMap":{},"s":{"0":0,"1":0,"2":0},"f":{"0":0},"b":{}}
,"D:\\Intership\\Project\\frontend\\client\\src\\pages\\DashBoard\\pages\\WebHooksPage.jsx": {"path":"D:\\Intership\\Project\\frontend\\client\\src\\pages\\DashBoard\\pages\\WebHooksPage.jsx","statementMap":{"0":{"start":{"line":5,"column":21},"end":{"line":16,"column":1}},"1":{"start":{"line":6,"column":42},"end":{"line":6,"column":60}},"2":{"start":{"line":7,"column":4},"end":{"line":15,"column":5}}},"fnMap":{"0":{"name":"(anonymous_0)","decl":{"start":{"line":5,"column":21},"end":{"line":5,"column":22}},"loc":{"start":{"line":5,"column":27},"end":{"line":16,"column":1}},"line":5}},"branchMap":{},"s":{"0":0,"1":0,"2":0},"f":{"0":0},"b":{}}
,"D:\\Intership\\Project\\frontend\\client\\src\\pages\\LandingPage\\LandingPage.jsx": {"path":"D:\\Intership\\Project\\frontend\\client\\src\\pages\\LandingPage\\LandingPage.jsx","statementMap":{"0":{"start":{"line":9,"column":20},"end":{"line":21,"column":1}},"1":{"start":{"line":10,"column":2},"end":{"line":20,"column":3}}},"fnMap":{"0":{"name":"(anonymous_0)","decl":{"start":{"line":9,"column":20},"end":{"line":9,"column":21}},"loc":{"start":{"line":9,"column":26},"end":{"line":21,"column":1}},"line":9}},"branchMap":{},"s":{"0":0,"1":0},"f":{"0":0},"b":{}}
,"D:\\Intership\\Project\\frontend\\client\\src\\pages\\Loading\\Loading.jsx": {"path":"D:\\Intership\\Project\\frontend\\client\\src\\pages\\Loading\\Loading.jsx","statementMap":{"0":{"start":{"line":3,"column":16},"end":{"line":18,"column":1}},"1":{"start":{"line":4,"column":2},"end":{"line":17,"column":3}}},"fnMap":{"0":{"name":"(anonymous_0)","decl":{"start":{"line":3,"column":16},"end":{"line":3,"column":17}},"loc":{"start":{"line":3,"column":22},"end":{"line":18,"column":1}},"line":3}},"branchMap":{},"s":{"0":0,"1":0},"f":{"0":0},"b":{}}
,"D:\\Intership\\Project\\frontend\\client\\src\\redux\\store.jsx": {"path":"D:\\Intership\\Project\\frontend\\client\\src\\redux\\store.jsx","statementMap":{"0":{"start":{"line":4,"column":21},"end":{"line":9,"column":2}}},"fnMap":{},"branchMap":{},"s":{"0":0},"f":{},"b":{}}
,"D:\\Intership\\Project\\frontend\\client\\src\\redux\\auth\\authServices.jsx": {"path":"D:\\Intership\\Project\\frontend\\client\\src\\redux\\auth\\authServices.jsx","statementMap":{"0":{"start":{"line":3,"column":16},"end":{"line":3,"column":48}},"1":{"start":{"line":6,"column":17},"end":{"line":14,"column":1}},"2":{"start":{"line":7,"column":17},"end":{"line":11,"column":3}},"3":{"start":{"line":12,"column":19},"end":{"line":12,"column":76}},"4":{"start":{"line":13,"column":2},"end":{"line":13,"column":23}},"5":{"start":{"line":17,"column":14},"end":{"line":25,"column":1}},"6":{"start":{"line":18,"column":17},"end":{"line":22,"column":3}},"7":{"start":{"line":23,"column":19},"end":{"line":23,"column":73}},"8":{"start":{"line":24,"column":2},"end":{"line":24,"column":23}},"9":{"start":{"line":28,"column":23},"end":{"line":40,"column":1}},"10":{"start":{"line":29,"column":17},"end":{"line":33,"column":3}},"11":{"start":{"line":34,"column":19},"end":{"line":38,"column":3}},"12":{"start":{"line":39,"column":2},"end":{"line":39,"column":23}},"13":{"start":{"line":43,"column":22},"end":{"line":55,"column":1}},"14":{"start":{"line":44,"column":17},"end":{"line":48,"column":3}},"15":{"start":{"line":49,"column":19},"end":{"line":53,"column":3}},"16":{"start":{"line":54,"column":2},"end":{"line":54,"column":23}},"17":{"start":{"line":57,"column":20},"end":{"line":62,"column":1}}},"fnMap":{"0":{"name":"(anonymous_0)","decl":{"start":{"line":6,"column":17},"end":{"line":6,"column":18}},"loc":{"start":{"line":6,"column":37},"end":{"line":14,"column":1}},"line":6},"1":{"name":"(anonymous_1)","decl":{"start":{"line":17,"column":14},"end":{"line":17,"column":15}},"loc":{"start":{"line":17,"column":34},"end":{"line":25,"column":1}},"line":17},"2":{"name":"(anonymous_2)","decl":{"start":{"line":28,"column":23},"end":{"line":28,"column":24}},"loc":{"start":{"line":28,"column":43},"end":{"line":40,"column":1}},"line":28},"3":{"name":"(anonymous_3)","decl":{"start":{"line":43,"column":22},"end":{"line":43,"column":23}},"loc":{"start":{"line":43,"column":42},"end":{"line":55,"column":1}},"line":43}},"branchMap":{},"s":{"0":0,"1":0,"2":0,"3":0,"4":0,"5":0,"6":0,"7":0,"8":0,"9":0,"10":0,"11":0,"12":0,"13":0,"14":0,"15":0,"16":0,"17":0},"f":{"0":0,"1":0,"2":0,"3":0},"b":{}}
,"D:\\Intership\\Project\\frontend\\client\\src\\redux\\auth\\authSlice.jsx": {"path":"D:\\Intership\\Project\\frontend\\client\\src\\redux\\auth\\authSlice.jsx","statementMap":{"0":{"start":{"line":4,"column":21},"end":{"line":11,"column":1}},"1":{"start":{"line":13,"column":28},"end":{"line":16,"column":1}},"2":{"start":{"line":14,"column":18},"end":{"line":14,"column":60}},"3":{"start":{"line":15,"column":2},"end":{"line":15,"column":17}},"4":{"start":{"line":19,"column":24},"end":{"line":29,"column":1}},"5":{"start":{"line":22,"column":4},"end":{"line":27,"column":5}},"6":{"start":{"line":23,"column":6},"end":{"line":23,"column":50}},"7":{"start":{"line":25,"column":22},"end":{"line":25,"column":48}},"8":{"start":{"line":26,"column":6},"end":{"line":26,"column":47}},"9":{"start":{"line":32,"column":21},"end":{"line":42,"column":1}},"10":{"start":{"line":35,"column":4},"end":{"line":40,"column":5}},"11":{"start":{"line":36,"column":6},"end":{"line":36,"column":47}},"12":{"start":{"line":38,"column":22},"end":{"line":38,"column":48}},"13":{"start":{"line":39,"column":6},"end":{"line":39,"column":47}},"14":{"start":{"line":45,"column":30},"end":{"line":55,"column":1}},"15":{"start":{"line":48,"column":4},"end":{"line":53,"column":5}},"16":{"start":{"line":49,"column":6},"end":{"line":49,"column":56}},"17":{"start":{"line":51,"column":22},"end":{"line":51,"column":48}},"18":{"start":{"line":52,"column":6},"end":{"line":52,"column":47}},"19":{"start":{"line":58,"column":29},"end":{"line":68,"column":1}},"20":{"start":{"line":61,"column":4},"end":{"line":66,"column":5}},"21":{"start":{"line":62,"column":6},"end":{"line":62,"column":55}},"22":{"start":{"line":64,"column":22},"end":{"line":64,"column":48}},"23":{"start":{"line":65,"column":6},"end":{"line":65,"column":47}},"24":{"start":{"line":71,"column":26},"end":{"line":73,"column":2}},"25":{"start":{"line":72,"column":2},"end":{"line":72,"column":9}},"26":{"start":{"line":75,"column":25},"end":{"line":159,"column":2}},"27":{"start":{"line":80,"column":6},"end":{"line":80,"column":30}},"28":{"start":{"line":81,"column":6},"end":{"line":81,"column":28}},"29":{"start":{"line":82,"column":6},"end":{"line":82,"column":30}},"30":{"start":{"line":83,"column":6},"end":{"line":83,"column":36}},"31":{"start":{"line":84,"column":6},"end":{"line":84,"column":25}},"32":{"start":{"line":88,"column":4},"end":{"line":90,"column":7}},"33":{"start":{"line":89,"column":6},"end":{"line":89,"column":29}},"34":{"start":{"line":92,"column":4},"end":{"line":96,"column":7}},"35":{"start":{"line":93,"column":6},"end":{"line":93,"column":30}},"36":{"start":{"line":94,"column":6},"end":{"line":94,"column":29}},"37":{"start":{"line":95,"column":6},"end":{"line":95,"column":45}},"38":{"start":{"line":98,"column":4},"end":{"line":103,"column":7}},"39":{"start":{"line":99,"column":6},"end":{"line":99,"column":30}},"40":{"start":{"line":100,"column":6},"end":{"line":100,"column":27}},"41":{"start":{"line":101,"column":6},"end":{"line":101,"column":37}},"42":{"start":{"line":102,"column":6},"end":{"line":102,"column":29}},"43":{"start":{"line":105,"column":4},"end":{"line":107,"column":7}},"44":{"start":{"line":106,"column":6},"end":{"line":106,"column":29}},"45":{"start":{"line":109,"column":4},"end":{"line":113,"column":7}},"46":{"start":{"line":110,"column":6},"end":{"line":110,"column":30}},"47":{"start":{"line":111,"column":6},"end":{"line":111,"column":29}},"48":{"start":{"line":112,"column":6},"end":{"line":112,"column":45}},"49":{"start":{"line":115,"column":4},"end":{"line":120,"column":7}},"50":{"start":{"line":116,"column":6},"end":{"line":116,"column":30}},"51":{"start":{"line":117,"column":6},"end":{"line":117,"column":27}},"52":{"start":{"line":118,"column":6},"end":{"line":118,"column":37}},"53":{"start":{"line":119,"column":6},"end":{"line":119,"column":29}},"54":{"start":{"line":122,"column":4},"end":{"line":124,"column":7}},"55":{"start":{"line":123,"column":6},"end":{"line":123,"column":29}},"56":{"start":{"line":126,"column":4},"end":{"line":130,"column":7}},"57":{"start":{"line":127,"column":6},"end":{"line":127,"column":30}},"58":{"start":{"line":128,"column":6},"end":{"line":128,"column":29}},"59":{"start":{"line":129,"column":6},"end":{"line":129,"column":45}},"60":{"start":{"line":132,"column":4},"end":{"line":136,"column":7}},"61":{"start":{"line":133,"column":6},"end":{"line":133,"column":30}},"62":{"start":{"line":134,"column":6},"end":{"line":134,"column":27}},"63":{"start":{"line":135,"column":6},"end":{"line":135,"column":37}},"64":{"start":{"line":138,"column":4},"end":{"line":140,"column":7}},"65":{"start":{"line":139,"column":6},"end":{"line":139,"column":29}},"66":{"start":{"line":142,"column":4},"end":{"line":146,"column":7}},"67":{"start":{"line":143,"column":6},"end":{"line":143,"column":30}},"68":{"start":{"line":144,"column":6},"end":{"line":144,"column":29}},"69":{"start":{"line":145,"column":6},"end":{"line":145,"column":45}},"70":{"start":{"line":148,"column":4},"end":{"line":152,"column":7}},"71":{"start":{"line":149,"column":6},"end":{"line":149,"column":30}},"72":{"start":{"line":150,"column":6},"end":{"line":150,"column":27}},"73":{"start":{"line":151,"column":6},"end":{"line":151,"column":37}},"74":{"start":{"line":154,"column":4},"end":{"line":157,"column":7}},"75":{"start":{"line":155,"column":6},"end":{"line":155,"column":29}},"76":{"start":{"line":156,"column":6},"end":{"line":156,"column":35}},"77":{"start":{"line":161,"column":25},"end":{"line":161,"column":42}}},"fnMap":{"0":{"name":"(anonymous_0)","decl":{"start":{"line":13,"column":28},"end":{"line":13,"column":29}},"loc":{"start":{"line":13,"column":39},"end":{"line":16,"column":1}},"line":13},"1":{"name":"(anonymous_1)","decl":{"start":{"line":21,"column":2},"end":{"line":21,"column":3}},"loc":{"start":{"line":21,"column":32},"end":{"line":28,"column":3}},"line":21},"2":{"name":"(anonymous_2)","decl":{"start":{"line":34,"column":2},"end":{"line":34,"column":3}},"loc":{"start":{"line":34,"column":32},"end":{"line":41,"column":3}},"line":34},"3":{"name":"(anonymous_3)","decl":{"start":{"line":47,"column":2},"end":{"line":47,"column":3}},"loc":{"start":{"line":47,"column":32},"end":{"line":54,"column":3}},"line":47},"4":{"name":"(anonymous_4)","decl":{"start":{"line":60,"column":2},"end":{"line":60,"column":3}},"loc":{"start":{"line":60,"column":32},"end":{"line":67,"column":3}},"line":60},"5":{"name":"(anonymous_5)","decl":{"start":{"line":71,"column":62},"end":{"line":71,"column":63}},"loc":{"start":{"line":71,"column":74},"end":{"line":73,"column":1}},"line":71},"6":{"name":"(anonymous_6)","decl":{"start":{"line":79,"column":11},"end":{"line":79,"column":12}},"loc":{"start":{"line":79,"column":22},"end":{"line":85,"column":5}},"line":79},"7":{"name":"(anonymous_7)","decl":{"start":{"line":87,"column":17},"end":{"line":87,"column":18}},"loc":{"start":{"line":87,"column":30},"end":{"line":158,"column":3}},"line":87},"8":{"name":"(anonymous_8)","decl":{"start":{"line":88,"column":38},"end":{"line":88,"column":39}},"loc":{"start":{"line":88,"column":49},"end":{"line":90,"column":5}},"line":88},"9":{"name":"(anonymous_9)","decl":{"start":{"line":92,"column":40},"end":{"line":92,"column":41}},"loc":{"start":{"line":92,"column":59},"end":{"line":96,"column":5}},"line":92},"10":{"name":"(anonymous_10)","decl":{"start":{"line":98,"column":39},"end":{"line":98,"column":40}},"loc":{"start":{"line":98,"column":58},"end":{"line":103,"column":5}},"line":98},"11":{"name":"(anonymous_11)","decl":{"start":{"line":105,"column":35},"end":{"line":105,"column":36}},"loc":{"start":{"line":105,"column":46},"end":{"line":107,"column":5}},"line":105},"12":{"name":"(anonymous_12)","decl":{"start":{"line":109,"column":37},"end":{"line":109,"column":38}},"loc":{"start":{"line":109,"column":56},"end":{"line":113,"column":5}},"line":109},"13":{"name":"(anonymous_13)","decl":{"start":{"line":115,"column":36},"end":{"line":115,"column":37}},"loc":{"start":{"line":115,"column":55},"end":{"line":120,"column":5}},"line":115},"14":{"name":"(anonymous_14)","decl":{"start":{"line":122,"column":44},"end":{"line":122,"column":45}},"loc":{"start":{"line":122,"column":55},"end":{"line":124,"column":5}},"line":122},"15":{"name":"(anonymous_15)","decl":{"start":{"line":126,"column":46},"end":{"line":126,"column":47}},"loc":{"start":{"line":126,"column":65},"end":{"line":130,"column":5}},"line":126},"16":{"name":"(anonymous_16)","decl":{"start":{"line":132,"column":45},"end":{"line":132,"column":46}},"loc":{"start":{"line":132,"column":64},"end":{"line":136,"column":5}},"line":132},"17":{"name":"(anonymous_17)","decl":{"start":{"line":138,"column":43},"end":{"line":138,"column":44}},"loc":{"start":{"line":138,"column":54},"end":{"line":140,"column":5}},"line":138},"18":{"name":"(anonymous_18)","decl":{"start":{"line":142,"column":45},"end":{"line":142,"column":46}},"loc":{"start":{"line":142,"column":64},"end":{"line":146,"column":5}},"line":142},"19":{"name":"(anonymous_19)","decl":{"start":{"line":148,"column":44},"end":{"line":148,"column":45}},"loc":{"start":{"line":148,"column":63},"end":{"line":152,"column":5}},"line":148},"20":{"name":"(anonymous_20)","decl":{"start":{"line":154,"column":42},"end":{"line":154,"column":43}},"loc":{"start":{"line":154,"column":61},"end":{"line":157,"column":5}},"line":154}},"branchMap":{"0":{"loc":{"start":{"line":14,"column":18},"end":{"line":14,"column":60}},"type":"binary-expr","locations":[{"start":{"line":14,"column":18},"end":{"line":14,"column":43}},{"start":{"line":14,"column":47},"end":{"line":14,"column":60}}],"line":14}},"s":{"0":0,"1":0,"2":0,"3":0,"4":0,"5":0,"6":0,"7":0,"8":0,"9":0,"10":0,"11":0,"12":0,"13":0,"14":0,"15":0,"16":0,"17":0,"18":0,"19":0,"20":0,"21":0,"22":0,"23":0,"24":0,"25":0,"26":0,"27":0,"28":0,"29":0,"30":0,"31":0,"32":0,"33":0,"34":0,"35":0,"36":0,"37":0,"38":0,"39":0,"40":0,"41":0,"42":0,"43":0,"44":0,"45":0,"46":0,"47":0,"48":0,"49":0,"50":0,"51":0,"52":0,"53":0,"54":0,"55":0,"56":0,"57":0,"58":0,"59":0,"60":0,"61":0,"62":0,"63":0,"64":0,"65":0,"66":0,"67":0,"68":0,"69":0,"70":0,"71":0,"72":0,"73":0,"74":0,"75":0,"76":0,"77":0},"f":{"0":0,"1":0,"2":0,"3":0,"4":0,"5":0,"6":0,"7":0,"8":0,"9":0,"10":0,"11":0,"12":0,"13":0,"14":0,"15":0,"16":0,"17":0,"18":0,"19":0,"20":0},"b":{"0":[0,0]}}
,"D:\\Intership\\Project\\frontend\\client\\src\\redux\\cpu\\cpuSlice.jsx": {"path":"D:\\Intership\\Project\\frontend\\client\\src\\redux\\cpu\\cpuSlice.jsx","statementMap":{"0":{"start":{"line":4,"column":28},"end":{"line":10,"column":1}},"1":{"start":{"line":7,"column":25},"end":{"line":7,"column":78}},"2":{"start":{"line":8,"column":8},"end":{"line":8,"column":29}},"3":{"start":{"line":11,"column":17},"end":{"line":32,"column":2}},"4":{"start":{"line":19,"column":8},"end":{"line":30,"column":14}},"5":{"start":{"line":21,"column":16},"end":{"line":21,"column":37}},"6":{"start":{"line":24,"column":16},"end":{"line":24,"column":38}},"7":{"start":{"line":25,"column":16},"end":{"line":25,"column":44}},"8":{"start":{"line":28,"column":16},"end":{"line":28,"column":38}},"9":{"start":{"line":29,"column":16},"end":{"line":29,"column":51}}},"fnMap":{"0":{"name":"(anonymous_0)","decl":{"start":{"line":6,"column":4},"end":{"line":6,"column":5}},"loc":{"start":{"line":6,"column":16},"end":{"line":9,"column":5}},"line":6},"1":{"name":"(anonymous_1)","decl":{"start":{"line":18,"column":19},"end":{"line":18,"column":20}},"loc":{"start":{"line":18,"column":32},"end":{"line":31,"column":5}},"line":18},"2":{"name":"(anonymous_2)","decl":{"start":{"line":20,"column":43},"end":{"line":20,"column":44}},"loc":{"start":{"line":20,"column":54},"end":{"line":22,"column":13}},"line":20},"3":{"name":"(anonymous_3)","decl":{"start":{"line":23,"column":45},"end":{"line":23,"column":46}},"loc":{"start":{"line":23,"column":64},"end":{"line":26,"column":13}},"line":23},"4":{"name":"(anonymous_4)","decl":{"start":{"line":27,"column":44},"end":{"line":27,"column":45}},"loc":{"start":{"line":27,"column":63},"end":{"line":30,"column":13}},"line":27}},"branchMap":{},"s":{"0":0,"1":0,"2":0,"3":0,"4":0,"5":0,"6":0,"7":0,"8":0,"9":0},"f":{"0":0,"1":0,"2":0,"3":0,"4":0},"b":{}}
}
